2025-06-14 14:10:01,428 - src.models.demand_forecaster - INFO - DemandForecaster initialized
2025-06-14 14:10:01,428 - src.models.inventory_optimizer - INFO - Initialized InventoryOptimizer with service level: 0.95
2025-06-14 14:10:01,428 - src.data.data_preprocessor - INFO - DataPreprocessor initialized
2025-06-14 14:10:05,896 - src.models.demand_forecaster - INFO - DemandForecaster initialized
2025-06-14 14:10:05,896 - src.models.inventory_optimizer - INFO - Initialized InventoryOptimizer with service level: 0.95
2025-06-14 14:10:05,896 - src.data.data_preprocessor - INFO - DataPreprocessor initialized
2025-06-14 14:10:05,902 - __main__ - ERROR - Forecast error: 'DemandForecaster' object has no attribute 'fit_arima'
2025-06-14 14:10:05,904 - __main__ - ERROR - Traceback (most recent call last):
  File "/workspaces/hospital_inventory_project/ai-module/integration_bridge.py", line 98, in handle_forecast
    self.forecaster.fit_arima(demand_series)
    ^^^^^^^^^^^^^^^^^^^^^^^^^
AttributeError: 'DemandForecaster' object has no attribute 'fit_arima'

2025-06-14 14:11:42,108 - src.models.demand_forecaster - INFO - DemandForecaster initialized
2025-06-14 14:11:42,108 - src.models.inventory_optimizer - INFO - Initialized InventoryOptimizer with service level: 0.95
2025-06-14 14:11:42,108 - src.data.data_preprocessor - INFO - DataPreprocessor initialized
2025-06-14 14:11:46,553 - src.models.demand_forecaster - INFO - DemandForecaster initialized
2025-06-14 14:11:46,554 - src.models.inventory_optimizer - INFO - Initialized InventoryOptimizer with service level: 0.95
2025-06-14 14:11:46,554 - src.data.data_preprocessor - INFO - DataPreprocessor initialized
2025-06-14 14:11:46,557 - src.models.demand_forecaster - INFO - Training forecasting models for 1 items
2025-06-14 14:11:46,557 - src.models.demand_forecaster - WARNING - Insufficient data for item test-item-1: 10 records
2025-06-14 14:11:46,557 - src.models.demand_forecaster - INFO - Model training completed
2025-06-14 14:11:46,557 - __main__ - WARNING - AI forecaster failed: DemandForecaster.predict() got an unexpected keyword argument 'model_type', using fallback
2025-06-14 14:12:01,490 - src.models.demand_forecaster - INFO - DemandForecaster initialized
2025-06-14 14:12:01,490 - src.models.inventory_optimizer - INFO - Initialized InventoryOptimizer with service level: 0.95
2025-06-14 14:12:01,491 - src.data.data_preprocessor - INFO - DataPreprocessor initialized
2025-06-14 14:12:25,630 - src.models.demand_forecaster - INFO - DemandForecaster initialized
2025-06-14 14:12:25,631 - src.models.inventory_optimizer - INFO - Initialized InventoryOptimizer with service level: 0.95
2025-06-14 14:12:25,631 - src.data.data_preprocessor - INFO - DataPreprocessor initialized
2025-06-14 15:37:23,410 - src.models.demand_forecaster - INFO - DemandForecaster initialized
2025-06-14 15:37:23,414 - src.models.inventory_optimizer - INFO - Initialized InventoryOptimizer with service level: 0.95
2025-06-14 15:37:23,414 - src.data.data_preprocessor - INFO - DataPreprocessor initialized
2025-06-14 15:37:35,739 - src.models.demand_forecaster - INFO - DemandForecaster initialized
2025-06-14 15:37:35,739 - src.models.inventory_optimizer - INFO - Initialized InventoryOptimizer with service level: 0.95
2025-06-14 15:37:35,739 - src.data.data_preprocessor - INFO - DataPreprocessor initialized
2025-06-14 15:37:52,871 - src.models.demand_forecaster - INFO - DemandForecaster initialized
2025-06-14 15:37:52,871 - src.models.inventory_optimizer - INFO - Initialized InventoryOptimizer with service level: 0.95
2025-06-14 15:37:52,871 - src.data.data_preprocessor - INFO - DataPreprocessor initialized
2025-06-14 15:38:08,659 - src.models.demand_forecaster - INFO - DemandForecaster initialized
2025-06-14 15:38:08,659 - src.models.inventory_optimizer - INFO - Initialized InventoryOptimizer with service level: 0.95
2025-06-14 15:38:08,659 - src.data.data_preprocessor - INFO - DataPreprocessor initialized
2025-06-14 15:38:08,668 - src.models.demand_forecaster - INFO - Training forecasting models for 1 items
2025-06-14 15:38:08,673 - __main__ - WARNING - AI forecaster failed: "['timestamp'] not in index", using fallback
2025-06-14 15:38:29,070 - src.models.demand_forecaster - INFO - DemandForecaster initialized
2025-06-14 15:38:29,070 - src.models.inventory_optimizer - INFO - Initialized InventoryOptimizer with service level: 0.95
2025-06-14 15:38:29,070 - src.data.data_preprocessor - INFO - DataPreprocessor initialized
2025-06-14 15:38:47,689 - src.models.demand_forecaster - INFO - DemandForecaster initialized
2025-06-14 15:38:47,689 - src.models.inventory_optimizer - INFO - Initialized InventoryOptimizer with service level: 0.95
2025-06-14 15:38:47,689 - src.data.data_preprocessor - INFO - DataPreprocessor initialized
2025-06-14 15:38:47,692 - src.models.demand_forecaster - INFO - Training forecasting models for 1 items
2025-06-14 15:38:47,692 - src.models.demand_forecaster - WARNING - Insufficient data for item TEST_ITEM_001: 11 records
2025-06-14 15:38:47,692 - src.models.demand_forecaster - INFO - Model training completed
2025-06-14 15:38:47,692 - __main__ - WARNING - AI forecaster failed: DemandForecaster.predict() got an unexpected keyword argument 'model_type', using fallback
2025-06-14 15:41:25,053 - src.models.demand_forecaster - INFO - DemandForecaster initialized
2025-06-14 15:41:25,053 - src.models.inventory_optimizer - INFO - Initialized InventoryOptimizer with service level: 0.95
2025-06-14 15:41:25,054 - src.data.data_preprocessor - INFO - DataPreprocessor initialized
2025-06-14 15:41:29,111 - src.models.demand_forecaster - INFO - DemandForecaster initialized
2025-06-14 15:41:29,112 - src.models.inventory_optimizer - INFO - Initialized InventoryOptimizer with service level: 0.95
2025-06-14 15:41:29,112 - src.data.data_preprocessor - INFO - DataPreprocessor initialized
2025-06-14 15:41:29,114 - src.models.demand_forecaster - INFO - Training forecasting models for 1 items
2025-06-14 15:41:29,115 - __main__ - WARNING - AI forecaster failed: "['timestamp'] not in index", using fallback
2025-06-14 15:41:33,278 - src.models.demand_forecaster - INFO - DemandForecaster initialized
2025-06-14 15:41:33,278 - src.models.inventory_optimizer - INFO - Initialized InventoryOptimizer with service level: 0.95
2025-06-14 15:41:33,278 - src.data.data_preprocessor - INFO - DataPreprocessor initialized
2025-06-14 15:41:37,421 - src.models.demand_forecaster - INFO - DemandForecaster initialized
2025-06-14 15:41:37,421 - src.models.inventory_optimizer - INFO - Initialized InventoryOptimizer with service level: 0.95
2025-06-14 15:41:37,421 - src.data.data_preprocessor - INFO - DataPreprocessor initialized
2025-06-14 15:41:37,426 - __main__ - ERROR - Error in handle_optimize: Models must be fitted before prediction
Traceback (most recent call last):
  File "/workspaces/hospital_inventory_project/ai-module/tests/../integration_bridge.py", line 220, in handle_optimize
    forecast_values, _ = self.forecaster.predict(demand_series, forecast_horizon_for_opt)
                         ^^^^^^^^^^^^^^^^^^^^^^^^^^^^^^^^^^^^^^^^^^^^^^^^^^^^^^^^^^^^^^^^
  File "/workspaces/hospital_inventory_project/ai-module/src/models/demand_forecaster.py", line 365, in predict
    raise ValueError("Models must be fitted before prediction")
ValueError: Models must be fitted before prediction

2025-06-14 15:41:41,626 - src.models.demand_forecaster - INFO - DemandForecaster initialized
2025-06-14 15:41:41,627 - src.models.inventory_optimizer - INFO - Initialized InventoryOptimizer with service level: 0.95
2025-06-14 15:41:41,627 - src.data.data_preprocessor - INFO - DataPreprocessor initialized
2025-06-14 15:41:41,627 - __main__ - WARNING - Insufficient historical data for item OPT_ITEM_002 (5 points), skipping optimization.
2025-06-14 15:41:45,779 - src.models.demand_forecaster - INFO - DemandForecaster initialized
2025-06-14 15:41:45,779 - src.models.inventory_optimizer - INFO - Initialized InventoryOptimizer with service level: 0.95
2025-06-14 15:41:45,779 - src.data.data_preprocessor - INFO - DataPreprocessor initialized
2025-06-14 15:42:14,784 - src.models.demand_forecaster - INFO - DemandForecaster initialized
2025-06-14 15:42:14,784 - src.models.inventory_optimizer - INFO - Initialized InventoryOptimizer with service level: 0.95
2025-06-14 15:42:14,784 - src.data.data_preprocessor - INFO - DataPreprocessor initialized
2025-06-14 15:42:19,080 - src.models.demand_forecaster - INFO - DemandForecaster initialized
2025-06-14 15:42:19,080 - src.models.inventory_optimizer - INFO - Initialized InventoryOptimizer with service level: 0.95
2025-06-14 15:42:19,080 - src.data.data_preprocessor - INFO - DataPreprocessor initialized
2025-06-14 15:42:19,083 - src.models.demand_forecaster - INFO - Training forecasting models for 1 items
2025-06-14 15:42:19,083 - __main__ - WARNING - AI forecaster failed: "['timestamp'] not in index", using fallback
2025-06-14 15:42:23,192 - src.models.demand_forecaster - INFO - DemandForecaster initialized
2025-06-14 15:42:23,193 - src.models.inventory_optimizer - INFO - Initialized InventoryOptimizer with service level: 0.95
2025-06-14 15:42:23,193 - src.data.data_preprocessor - INFO - DataPreprocessor initialized
2025-06-14 15:42:27,335 - src.models.demand_forecaster - INFO - DemandForecaster initialized
2025-06-14 15:42:27,335 - src.models.inventory_optimizer - INFO - Initialized InventoryOptimizer with service level: 0.95
2025-06-14 15:42:27,335 - src.data.data_preprocessor - INFO - DataPreprocessor initialized
2025-06-14 15:42:27,338 - __main__ - ERROR - Error in handle_optimize: Models must be fitted before prediction
Traceback (most recent call last):
  File "/workspaces/hospital_inventory_project/ai-module/tests/../integration_bridge.py", line 220, in handle_optimize
    forecast_values, _ = self.forecaster.predict(demand_series, forecast_horizon_for_opt)
                         ^^^^^^^^^^^^^^^^^^^^^^^^^^^^^^^^^^^^^^^^^^^^^^^^^^^^^^^^^^^^^^^^
  File "/workspaces/hospital_inventory_project/ai-module/src/models/demand_forecaster.py", line 365, in predict
    raise ValueError("Models must be fitted before prediction")
ValueError: Models must be fitted before prediction

2025-06-14 15:42:31,448 - src.models.demand_forecaster - INFO - DemandForecaster initialized
2025-06-14 15:42:31,448 - src.models.inventory_optimizer - INFO - Initialized InventoryOptimizer with service level: 0.95
2025-06-14 15:42:31,448 - src.data.data_preprocessor - INFO - DataPreprocessor initialized
2025-06-14 15:42:31,448 - __main__ - WARNING - Insufficient historical data for item OPT_ITEM_002 (5 points), skipping optimization.
2025-06-14 15:42:35,581 - src.models.demand_forecaster - INFO - DemandForecaster initialized
2025-06-14 15:42:35,581 - src.models.inventory_optimizer - INFO - Initialized InventoryOptimizer with service level: 0.95
2025-06-14 15:42:35,582 - src.data.data_preprocessor - INFO - DataPreprocessor initialized
2025-06-14 15:44:38,243 - src.models.demand_forecaster - INFO - DemandForecaster initialized
2025-06-14 15:44:38,243 - src.models.inventory_optimizer - INFO - Initialized InventoryOptimizer with service level: 0.95
2025-06-14 15:44:38,243 - src.data.data_preprocessor - INFO - DataPreprocessor initialized
2025-06-14 15:44:42,383 - src.models.demand_forecaster - INFO - DemandForecaster initialized
2025-06-14 15:44:42,383 - src.models.inventory_optimizer - INFO - Initialized InventoryOptimizer with service level: 0.95
2025-06-14 15:44:42,383 - src.data.data_preprocessor - INFO - DataPreprocessor initialized
2025-06-14 15:44:42,386 - src.models.demand_forecaster - INFO - Training forecasting models for 1 items
2025-06-14 15:44:42,387 - __main__ - WARNING - AI forecaster failed: "['timestamp'] not in index", using fallback
2025-06-14 15:44:46,478 - src.models.demand_forecaster - INFO - DemandForecaster initialized
2025-06-14 15:44:46,478 - src.models.inventory_optimizer - INFO - Initialized InventoryOptimizer with service level: 0.95
2025-06-14 15:44:46,478 - src.data.data_preprocessor - INFO - DataPreprocessor initialized
2025-06-14 15:44:50,607 - src.models.demand_forecaster - INFO - DemandForecaster initialized
2025-06-14 15:44:50,607 - src.models.inventory_optimizer - INFO - Initialized InventoryOptimizer with service level: 0.95
2025-06-14 15:44:50,607 - src.data.data_preprocessor - INFO - DataPreprocessor initialized
2025-06-14 15:44:50,611 - __main__ - ERROR - Error in handle_optimize: Models must be fitted before prediction
Traceback (most recent call last):
  File "/workspaces/hospital_inventory_project/ai-module/tests/../integration_bridge.py", line 220, in handle_optimize
    forecast_values, _ = self.forecaster.predict(demand_series, forecast_horizon_for_opt)
                         ^^^^^^^^^^^^^^^^^^^^^^^^^^^^^^^^^^^^^^^^^^^^^^^^^^^^^^^^^^^^^^^^
  File "/workspaces/hospital_inventory_project/ai-module/src/models/demand_forecaster.py", line 365, in predict
    raise ValueError("Models must be fitted before prediction")
ValueError: Models must be fitted before prediction

2025-06-14 15:44:54,731 - src.models.demand_forecaster - INFO - DemandForecaster initialized
2025-06-14 15:44:54,731 - src.models.inventory_optimizer - INFO - Initialized InventoryOptimizer with service level: 0.95
2025-06-14 15:44:54,732 - src.data.data_preprocessor - INFO - DataPreprocessor initialized
2025-06-14 15:44:54,732 - __main__ - WARNING - Insufficient historical data for item OPT_ITEM_002 (5 points), skipping optimization.
2025-06-14 15:44:58,870 - src.models.demand_forecaster - INFO - DemandForecaster initialized
2025-06-14 15:44:58,870 - src.models.inventory_optimizer - INFO - Initialized InventoryOptimizer with service level: 0.95
2025-06-14 15:44:58,870 - src.data.data_preprocessor - INFO - DataPreprocessor initialized
2025-06-14 15:45:38,348 - src.models.demand_forecaster - INFO - DemandForecaster initialized
2025-06-14 15:45:38,348 - src.models.inventory_optimizer - INFO - Initialized InventoryOptimizer with service level: 0.95
2025-06-14 15:45:38,348 - src.data.data_preprocessor - INFO - DataPreprocessor initialized
2025-06-14 15:45:42,454 - src.models.demand_forecaster - INFO - DemandForecaster initialized
2025-06-14 15:45:42,454 - src.models.inventory_optimizer - INFO - Initialized InventoryOptimizer with service level: 0.95
2025-06-14 15:45:42,454 - src.data.data_preprocessor - INFO - DataPreprocessor initialized
2025-06-14 15:45:42,457 - src.models.demand_forecaster - INFO - Training forecasting models for 1 items
2025-06-14 15:45:42,458 - __main__ - WARNING - AI forecaster failed: "['timestamp'] not in index", using fallback
2025-06-14 15:45:46,612 - src.models.demand_forecaster - INFO - DemandForecaster initialized
2025-06-14 15:45:46,612 - src.models.inventory_optimizer - INFO - Initialized InventoryOptimizer with service level: 0.95
2025-06-14 15:45:46,612 - src.data.data_preprocessor - INFO - DataPreprocessor initialized
2025-06-14 15:45:50,733 - src.models.demand_forecaster - INFO - DemandForecaster initialized
2025-06-14 15:45:50,733 - src.models.inventory_optimizer - INFO - Initialized InventoryOptimizer with service level: 0.95
2025-06-14 15:45:50,733 - src.data.data_preprocessor - INFO - DataPreprocessor initialized
2025-06-14 15:45:50,736 - __main__ - ERROR - Error in handle_optimize: Models must be fitted before prediction
Traceback (most recent call last):
  File "/workspaces/hospital_inventory_project/ai-module/tests/../integration_bridge.py", line 220, in handle_optimize
    forecast_values, _ = self.forecaster.predict(demand_series, forecast_horizon_for_opt)
                         ^^^^^^^^^^^^^^^^^^^^^^^^^^^^^^^^^^^^^^^^^^^^^^^^^^^^^^^^^^^^^^^^
  File "/workspaces/hospital_inventory_project/ai-module/src/models/demand_forecaster.py", line 365, in predict
    raise ValueError("Models must be fitted before prediction")
ValueError: Models must be fitted before prediction

2025-06-14 15:45:54,863 - src.models.demand_forecaster - INFO - DemandForecaster initialized
2025-06-14 15:45:54,863 - src.models.inventory_optimizer - INFO - Initialized InventoryOptimizer with service level: 0.95
2025-06-14 15:45:54,863 - src.data.data_preprocessor - INFO - DataPreprocessor initialized
2025-06-14 15:45:54,863 - __main__ - WARNING - Insufficient historical data for item OPT_ITEM_002 (5 points), skipping optimization.
2025-06-14 15:45:59,054 - src.models.demand_forecaster - INFO - DemandForecaster initialized
2025-06-14 15:45:59,055 - src.models.inventory_optimizer - INFO - Initialized InventoryOptimizer with service level: 0.95
2025-06-14 15:45:59,055 - src.data.data_preprocessor - INFO - DataPreprocessor initialized
2025-06-14 15:49:23,955 - src.models.demand_forecaster - INFO - DemandForecaster initialized
2025-06-14 15:49:23,955 - src.models.inventory_optimizer - INFO - Initialized InventoryOptimizer with service level: 0.95
2025-06-14 15:49:23,955 - src.data.data_preprocessor - INFO - DataPreprocessor initialized
2025-06-14 15:50:16,649 - src.models.demand_forecaster - INFO - DemandForecaster initialized
2025-06-14 15:50:16,649 - src.models.inventory_optimizer - INFO - Initialized InventoryOptimizer with service level: 0.95
2025-06-14 15:50:16,649 - src.data.data_preprocessor - INFO - DataPreprocessor initialized
2025-06-14 15:50:36,420 - src.models.demand_forecaster - INFO - DemandForecaster initialized
2025-06-14 15:50:36,420 - src.models.inventory_optimizer - INFO - Initialized InventoryOptimizer with service level: 0.95
2025-06-14 15:50:36,420 - src.data.data_preprocessor - INFO - DataPreprocessor initialized
2025-06-14 15:52:05,758 - src.models.demand_forecaster - INFO - DemandForecaster initialized
2025-06-14 15:52:05,758 - src.models.inventory_optimizer - INFO - Initialized InventoryOptimizer with service level: 0.95
2025-06-14 15:52:05,758 - src.data.data_preprocessor - INFO - DataPreprocessor initialized
2025-06-14 15:52:05,760 - src.models.demand_forecaster - INFO - Training forecasting models for 1 items
2025-06-14 15:52:05,761 - src.models.demand_forecaster - WARNING - Insufficient data for item test-item-123: 2 records
2025-06-14 15:52:05,761 - src.models.demand_forecaster - INFO - Model training completed
2025-06-14 15:52:05,761 - __main__ - WARNING - AI forecaster failed: DemandForecaster.predict() got an unexpected keyword argument 'model_type', using fallback
2025-06-14 15:52:21,073 - src.models.demand_forecaster - INFO - DemandForecaster initialized
2025-06-14 15:52:21,073 - src.models.inventory_optimizer - INFO - Initialized InventoryOptimizer with service level: 0.95
2025-06-14 15:52:21,073 - src.data.data_preprocessor - INFO - DataPreprocessor initialized
2025-06-14 15:52:21,076 - src.models.demand_forecaster - INFO - Training forecasting models for 1 items
2025-06-14 15:52:21,076 - src.models.demand_forecaster - WARNING - Insufficient data for item test-item-123: 2 records
2025-06-14 15:52:21,076 - src.models.demand_forecaster - INFO - Model training completed
2025-06-14 15:52:21,076 - __main__ - WARNING - AI forecaster failed: DemandForecaster.predict() got an unexpected keyword argument 'model_type', using fallback
2025-06-14 15:52:56,807 - src.models.demand_forecaster - INFO - DemandForecaster initialized
2025-06-14 15:52:56,807 - src.models.inventory_optimizer - INFO - Initialized InventoryOptimizer with service level: 0.95
2025-06-14 15:52:56,807 - src.data.data_preprocessor - INFO - DataPreprocessor initialized
2025-06-14 15:53:50,794 - src.models.demand_forecaster - INFO - DemandForecaster initialized
2025-06-14 15:53:50,794 - src.models.inventory_optimizer - INFO - Initialized InventoryOptimizer with service level: 0.95
2025-06-14 15:53:50,794 - src.data.data_preprocessor - INFO - DataPreprocessor initialized
2025-06-14 15:53:50,795 - __main__ - ERROR - Error in handle_optimize: 'quantity'
Traceback (most recent call last):
  File "/workspaces/hospital_inventory_project/ai-module/integration_bridge.py", line 221, in handle_optimize
    quantities = [hd['quantity'] for hd in historical_demand_data]
                  ~~^^^^^^^^^^^^
KeyError: 'quantity'

2025-06-14 15:54:56,833 - src.models.demand_forecaster - INFO - DemandForecaster initialized
2025-06-14 15:54:56,833 - src.models.inventory_optimizer - INFO - Initialized InventoryOptimizer with service level: 0.95
2025-06-14 15:54:56,833 - src.data.data_preprocessor - INFO - DataPreprocessor initialized
2025-06-14 15:54:56,837 - __main__ - ERROR - Error in handle_optimize: Models must be fitted before prediction
Traceback (most recent call last):
  File "/workspaces/hospital_inventory_project/ai-module/integration_bridge.py", line 239, in handle_optimize
    forecast_values, _ = self.forecaster.predict(demand_series, forecast_horizon_for_opt)
                         ^^^^^^^^^^^^^^^^^^^^^^^^^^^^^^^^^^^^^^^^^^^^^^^^^^^^^^^^^^^^^^^^
  File "/workspaces/hospital_inventory_project/ai-module/src/models/demand_forecaster.py", line 365, in predict
    raise ValueError("Models must be fitted before prediction")
ValueError: Models must be fitted before prediction

2025-06-14 15:56:18,536 - src.models.demand_forecaster - INFO - DemandForecaster initialized
2025-06-14 15:56:18,536 - src.models.inventory_optimizer - INFO - Initialized InventoryOptimizer with service level: 0.95
2025-06-14 15:56:18,537 - src.data.data_preprocessor - INFO - DataPreprocessor initialized
2025-06-14 15:56:18,540 - __main__ - WARNING - Forecasting failed for item test-item-456: Models must be fitted before prediction, using fallback
2025-06-14 15:56:18,544 - src.models.inventory_optimizer - ERROR - Error in calculate_optimal_levels for item test-item-456: 'numpy.float64' object has no attribute 'empty'
Traceback (most recent call last):
  File "/workspaces/hospital_inventory_project/ai-module/src/models/inventory_optimizer.py", line 186, in calculate_optimal_levels
    if demand_forecast is None or demand_forecast.empty:
                                  ^^^^^^^^^^^^^^^^^^^^^
AttributeError: 'numpy.float64' object has no attribute 'empty'

2025-06-14 15:59:02,463 - src.models.demand_forecaster - INFO - DemandForecaster initialized
2025-06-14 15:59:02,463 - src.models.inventory_optimizer - INFO - Initialized InventoryOptimizer with service level: 0.95
2025-06-14 15:59:02,463 - src.data.data_preprocessor - INFO - DataPreprocessor initialized
2025-06-14 15:59:06,570 - src.models.demand_forecaster - INFO - DemandForecaster initialized
2025-06-14 15:59:06,570 - src.models.inventory_optimizer - INFO - Initialized InventoryOptimizer with service level: 0.95
2025-06-14 15:59:06,570 - src.data.data_preprocessor - INFO - DataPreprocessor initialized
2025-06-14 15:59:06,573 - src.models.demand_forecaster - INFO - Training forecasting models for 1 items
2025-06-14 15:59:06,573 - __main__ - WARNING - AI forecaster failed: "['timestamp'] not in index", using fallback
2025-06-14 15:59:10,762 - src.models.demand_forecaster - INFO - DemandForecaster initialized
2025-06-14 15:59:10,762 - src.models.inventory_optimizer - INFO - Initialized InventoryOptimizer with service level: 0.95
2025-06-14 15:59:10,762 - src.data.data_preprocessor - INFO - DataPreprocessor initialized
2025-06-14 15:59:10,765 - src.models.demand_forecaster - INFO - Training forecasting models for 1 items
2025-06-14 15:59:10,765 - src.models.demand_forecaster - WARNING - Insufficient data for item TEST_ITEM_002: 5 records
2025-06-14 15:59:10,765 - src.models.demand_forecaster - INFO - Model training completed
2025-06-14 15:59:10,765 - __main__ - WARNING - AI forecaster failed: DemandForecaster.predict() got an unexpected keyword argument 'model_type', using fallback
2025-06-14 15:59:14,991 - src.models.demand_forecaster - INFO - DemandForecaster initialized
2025-06-14 15:59:14,991 - src.models.inventory_optimizer - INFO - Initialized InventoryOptimizer with service level: 0.95
2025-06-14 15:59:14,991 - src.data.data_preprocessor - INFO - DataPreprocessor initialized
2025-06-14 15:59:14,994 - __main__ - WARNING - Forecasting failed for item OPT_ITEM_001: Models must be fitted before prediction, using fallback
2025-06-14 15:59:14,996 - src.models.inventory_optimizer - ERROR - Error in calculate_optimal_levels for item OPT_ITEM_001: 'numpy.float64' object has no attribute 'empty'
Traceback (most recent call last):
  File "/workspaces/hospital_inventory_project/ai-module/src/models/inventory_optimizer.py", line 186, in calculate_optimal_levels
    if demand_forecast is None or demand_forecast.empty:
                                  ^^^^^^^^^^^^^^^^^^^^^
AttributeError: 'numpy.float64' object has no attribute 'empty'

2025-06-14 15:59:19,184 - src.models.demand_forecaster - INFO - DemandForecaster initialized
2025-06-14 15:59:19,184 - src.models.inventory_optimizer - INFO - Initialized InventoryOptimizer with service level: 0.95
2025-06-14 15:59:19,184 - src.data.data_preprocessor - INFO - DataPreprocessor initialized
2025-06-14 15:59:19,187 - __main__ - WARNING - Forecasting failed for item OPT_ITEM_002: Models must be fitted before prediction, using fallback
2025-06-14 15:59:19,188 - src.models.inventory_optimizer - ERROR - Error in calculate_optimal_levels for item OPT_ITEM_002: 'numpy.float64' object has no attribute 'empty'
Traceback (most recent call last):
  File "/workspaces/hospital_inventory_project/ai-module/src/models/inventory_optimizer.py", line 186, in calculate_optimal_levels
    if demand_forecast is None or demand_forecast.empty:
                                  ^^^^^^^^^^^^^^^^^^^^^
AttributeError: 'numpy.float64' object has no attribute 'empty'

2025-06-14 15:59:23,266 - src.models.demand_forecaster - INFO - DemandForecaster initialized
2025-06-14 15:59:23,266 - src.models.inventory_optimizer - INFO - Initialized InventoryOptimizer with service level: 0.95
2025-06-14 15:59:23,266 - src.data.data_preprocessor - INFO - DataPreprocessor initialized
2025-06-14 16:04:22,497 - src.models.demand_forecaster - INFO - DemandForecaster initialized
2025-06-14 16:04:22,497 - src.models.inventory_optimizer - INFO - Initialized InventoryOptimizer with service level: 0.95
2025-06-14 16:04:22,497 - src.data.data_preprocessor - INFO - DataPreprocessor initialized
2025-06-14 16:04:22,500 - src.models.demand_forecaster - INFO - Training forecasting models for 1 items
2025-06-14 16:04:22,500 - src.models.demand_forecaster - WARNING - Insufficient data for item TEST_ITEM_002: 5 records
2025-06-14 16:04:22,500 - src.models.demand_forecaster - INFO - Model training completed
2025-06-14 16:04:22,500 - __main__ - WARNING - AI forecaster failed: DemandForecaster.predict() got an unexpected keyword argument 'model_type', using fallback
2025-06-14 16:04:26,565 - src.models.demand_forecaster - INFO - DemandForecaster initialized
2025-06-14 16:04:26,565 - src.models.inventory_optimizer - INFO - Initialized InventoryOptimizer with service level: 0.95
2025-06-14 16:04:26,565 - src.data.data_preprocessor - INFO - DataPreprocessor initialized
2025-06-14 16:04:26,568 - __main__ - WARNING - Forecasting failed for item OPT_ITEM_002: Models must be fitted before prediction, using fallback
2025-06-14 16:04:26,569 - src.models.inventory_optimizer - ERROR - Error in calculate_optimal_levels for item OPT_ITEM_002: 'numpy.float64' object has no attribute 'empty'
Traceback (most recent call last):
  File "/workspaces/hospital_inventory_project/ai-module/src/models/inventory_optimizer.py", line 186, in calculate_optimal_levels
    if demand_forecast is None or demand_forecast.empty:
                                  ^^^^^^^^^^^^^^^^^^^^^
AttributeError: 'numpy.float64' object has no attribute 'empty'

2025-06-14 16:04:43,275 - src.models.demand_forecaster - INFO - DemandForecaster initialized
2025-06-14 16:04:43,275 - src.models.inventory_optimizer - INFO - Initialized InventoryOptimizer with service level: 0.95
2025-06-14 16:04:43,275 - src.data.data_preprocessor - INFO - DataPreprocessor initialized
2025-06-14 16:04:47,377 - src.models.demand_forecaster - INFO - DemandForecaster initialized
2025-06-14 16:04:47,377 - src.models.inventory_optimizer - INFO - Initialized InventoryOptimizer with service level: 0.95
2025-06-14 16:04:47,377 - src.data.data_preprocessor - INFO - DataPreprocessor initialized
2025-06-14 16:04:47,380 - src.models.demand_forecaster - INFO - Training forecasting models for 1 items
2025-06-14 16:04:47,380 - __main__ - WARNING - AI forecaster failed: "['timestamp'] not in index", using fallback
2025-06-14 16:04:51,500 - src.models.demand_forecaster - INFO - DemandForecaster initialized
2025-06-14 16:04:51,500 - src.models.inventory_optimizer - INFO - Initialized InventoryOptimizer with service level: 0.95
2025-06-14 16:04:51,500 - src.data.data_preprocessor - INFO - DataPreprocessor initialized
2025-06-14 16:04:51,502 - src.models.demand_forecaster - INFO - Training forecasting models for 1 items
2025-06-14 16:04:51,503 - src.models.demand_forecaster - WARNING - Insufficient data for item TEST_ITEM_002: 5 records
2025-06-14 16:04:51,503 - src.models.demand_forecaster - INFO - Model training completed
2025-06-14 16:04:51,503 - __main__ - WARNING - AI forecaster failed: DemandForecaster.predict() got an unexpected keyword argument 'model_type', using fallback
2025-06-14 16:04:55,711 - src.models.demand_forecaster - INFO - DemandForecaster initialized
2025-06-14 16:04:55,711 - src.models.inventory_optimizer - INFO - Initialized InventoryOptimizer with service level: 0.95
2025-06-14 16:04:55,711 - src.data.data_preprocessor - INFO - DataPreprocessor initialized
2025-06-14 16:04:55,714 - __main__ - WARNING - Forecasting failed for item OPT_ITEM_001: Models must be fitted before prediction, using fallback
2025-06-14 16:04:55,715 - src.models.inventory_optimizer - ERROR - Error in calculate_optimal_levels for item OPT_ITEM_001: 'numpy.float64' object has no attribute 'empty'
Traceback (most recent call last):
  File "/workspaces/hospital_inventory_project/ai-module/src/models/inventory_optimizer.py", line 186, in calculate_optimal_levels
    if demand_forecast is None or demand_forecast.empty:
                                  ^^^^^^^^^^^^^^^^^^^^^
AttributeError: 'numpy.float64' object has no attribute 'empty'

2025-06-14 16:04:59,855 - src.models.demand_forecaster - INFO - DemandForecaster initialized
2025-06-14 16:04:59,855 - src.models.inventory_optimizer - INFO - Initialized InventoryOptimizer with service level: 0.95
2025-06-14 16:04:59,855 - src.data.data_preprocessor - INFO - DataPreprocessor initialized
2025-06-14 16:04:59,858 - __main__ - WARNING - Forecasting failed for item OPT_ITEM_002: Models must be fitted before prediction, using fallback
2025-06-14 16:04:59,859 - src.models.inventory_optimizer - ERROR - Error in calculate_optimal_levels for item OPT_ITEM_002: 'numpy.float64' object has no attribute 'empty'
Traceback (most recent call last):
  File "/workspaces/hospital_inventory_project/ai-module/src/models/inventory_optimizer.py", line 186, in calculate_optimal_levels
    if demand_forecast is None or demand_forecast.empty:
                                  ^^^^^^^^^^^^^^^^^^^^^
AttributeError: 'numpy.float64' object has no attribute 'empty'

2025-06-14 16:05:03,990 - src.models.demand_forecaster - INFO - DemandForecaster initialized
2025-06-14 16:05:03,990 - src.models.inventory_optimizer - INFO - Initialized InventoryOptimizer with service level: 0.95
2025-06-14 16:05:03,991 - src.data.data_preprocessor - INFO - DataPreprocessor initialized
2025-06-14 16:05:23,348 - src.models.demand_forecaster - INFO - DemandForecaster initialized
2025-06-14 16:05:23,348 - src.models.inventory_optimizer - INFO - Initialized InventoryOptimizer with service level: 0.95
2025-06-14 16:05:23,348 - src.data.data_preprocessor - INFO - DataPreprocessor initialized
2025-06-14 16:05:27,430 - src.models.demand_forecaster - INFO - DemandForecaster initialized
2025-06-14 16:05:27,431 - src.models.inventory_optimizer - INFO - Initialized InventoryOptimizer with service level: 0.95
2025-06-14 16:05:27,431 - src.data.data_preprocessor - INFO - DataPreprocessor initialized
2025-06-14 16:05:27,433 - src.models.demand_forecaster - INFO - Training forecasting models for 1 items
2025-06-14 16:05:27,434 - __main__ - WARNING - AI forecaster failed: "['timestamp'] not in index", using fallback
2025-06-14 16:05:31,527 - src.models.demand_forecaster - INFO - DemandForecaster initialized
2025-06-14 16:05:31,527 - src.models.inventory_optimizer - INFO - Initialized InventoryOptimizer with service level: 0.95
2025-06-14 16:05:31,527 - src.data.data_preprocessor - INFO - DataPreprocessor initialized
2025-06-14 16:05:31,530 - src.models.demand_forecaster - INFO - Training forecasting models for 1 items
2025-06-14 16:05:31,530 - src.models.demand_forecaster - WARNING - Insufficient data for item TEST_ITEM_002: 5 records
2025-06-14 16:05:31,530 - src.models.demand_forecaster - INFO - Model training completed
2025-06-14 16:05:31,530 - __main__ - WARNING - AI forecaster failed: DemandForecaster.predict() got an unexpected keyword argument 'model_type', using fallback
2025-06-14 16:05:35,619 - src.models.demand_forecaster - INFO - DemandForecaster initialized
2025-06-14 16:05:35,620 - src.models.inventory_optimizer - INFO - Initialized InventoryOptimizer with service level: 0.95
2025-06-14 16:05:35,620 - src.data.data_preprocessor - INFO - DataPreprocessor initialized
2025-06-14 16:05:35,622 - __main__ - WARNING - Forecasting failed for item OPT_ITEM_001: Models must be fitted before prediction, using fallback
2025-06-14 16:05:35,624 - src.models.inventory_optimizer - ERROR - Error in calculate_optimal_levels for item OPT_ITEM_001: 'numpy.float64' object has no attribute 'empty'
Traceback (most recent call last):
  File "/workspaces/hospital_inventory_project/ai-module/src/models/inventory_optimizer.py", line 186, in calculate_optimal_levels
    if demand_forecast is None or demand_forecast.empty:
                                  ^^^^^^^^^^^^^^^^^^^^^
AttributeError: 'numpy.float64' object has no attribute 'empty'

2025-06-14 16:05:39,661 - src.models.demand_forecaster - INFO - DemandForecaster initialized
2025-06-14 16:05:39,661 - src.models.inventory_optimizer - INFO - Initialized InventoryOptimizer with service level: 0.95
2025-06-14 16:05:39,661 - src.data.data_preprocessor - INFO - DataPreprocessor initialized
2025-06-14 16:05:39,664 - __main__ - WARNING - Forecasting failed for item OPT_ITEM_002: Models must be fitted before prediction, using fallback
2025-06-14 16:05:39,666 - src.models.inventory_optimizer - ERROR - Error in calculate_optimal_levels for item OPT_ITEM_002: 'numpy.float64' object has no attribute 'empty'
Traceback (most recent call last):
  File "/workspaces/hospital_inventory_project/ai-module/src/models/inventory_optimizer.py", line 186, in calculate_optimal_levels
    if demand_forecast is None or demand_forecast.empty:
                                  ^^^^^^^^^^^^^^^^^^^^^
AttributeError: 'numpy.float64' object has no attribute 'empty'

2025-06-14 16:05:43,804 - src.models.demand_forecaster - INFO - DemandForecaster initialized
2025-06-14 16:05:43,804 - src.models.inventory_optimizer - INFO - Initialized InventoryOptimizer with service level: 0.95
2025-06-14 16:05:43,804 - src.data.data_preprocessor - INFO - DataPreprocessor initialized
2025-06-14 16:15:56,471 - src.models.demand_forecaster - INFO - DemandForecaster initialized
2025-06-14 16:15:56,471 - src.models.inventory_optimizer - INFO - Initialized InventoryOptimizer with service level: 0.95
2025-06-14 16:15:56,471 - src.data.data_preprocessor - INFO - DataPreprocessor initialized
2025-06-14 16:18:50,161 - src.models.demand_forecaster - INFO - DemandForecaster initialized
2025-06-14 16:18:50,161 - src.models.inventory_optimizer - INFO - Initialized InventoryOptimizer with service level: 0.95
2025-06-14 16:18:50,161 - src.data.data_preprocessor - INFO - DataPreprocessor initialized
2025-06-14 16:19:40,421 - src.models.demand_forecaster - INFO - DemandForecaster initialized
2025-06-14 16:19:40,421 - src.models.inventory_optimizer - INFO - Initialized InventoryOptimizer with service level: 0.95
2025-06-14 16:19:40,421 - src.data.data_preprocessor - INFO - DataPreprocessor initialized
2025-06-14 17:55:54,462 - src.models.demand_forecaster - INFO - DemandForecaster initialized
2025-06-14 17:55:54,463 - src.models.inventory_optimizer - INFO - Initialized InventoryOptimizer with service level: 0.95
2025-06-14 17:55:54,463 - src.data.data_preprocessor - INFO - DataPreprocessor initialized
2025-06-14 17:57:48,485 - src.models.demand_forecaster - INFO - DemandForecaster initialized
2025-06-14 17:57:48,485 - src.models.inventory_optimizer - INFO - Initialized InventoryOptimizer with service level: 0.95
2025-06-14 17:57:48,485 - src.data.data_preprocessor - INFO - DataPreprocessor initialized
2025-06-14 17:57:48,486 - src.models.inventory_optimizer - INFO - Initialized InventoryOptimizer with service level: 0.95
2025-06-14 17:57:48,487 - integration_bridge - ERROR - Forecast error: 'int' object is not subscriptable
2025-06-14 17:57:48,488 - integration_bridge - ERROR - Traceback (most recent call last):
  File "/workspaces/hospital_inventory_project/ai-module/integration_bridge.py", line 87, in handle_forecast
    dates = [item['date'] for item in historical_data]
             ~~~~^^^^^^^^
TypeError: 'int' object is not subscriptable

2025-06-14 17:57:48,495 - src.models.demand_forecaster - INFO - Training forecasting models for 1 items
2025-06-14 17:57:48,496 - src.models.demand_forecaster - WARNING - Insufficient data for item test_item: 5 records
2025-06-14 17:57:48,496 - src.models.demand_forecaster - INFO - Model training completed
2025-06-14 17:57:48,496 - integration_bridge - WARNING - AI forecaster failed: DemandForecaster.predict() got an unexpected keyword argument 'model_type', using fallback
