2025-06-14 15:48:54,871 - src.models.demand_forecaster - INFO - DemandForecaster initialized
2025-06-14 15:48:54,871 - src.models.inventory_optimizer - INFO - Initialized InventoryOptimizer with service level: 0.95
2025-06-14 15:48:54,871 - src.data.data_preprocessor - INFO - DataPreprocessor initialized
2025-06-14 15:48:59,112 - src.models.demand_forecaster - INFO - DemandForecaster initialized
2025-06-14 15:48:59,112 - src.models.inventory_optimizer - INFO - Initialized InventoryOptimizer with service level: 0.95
2025-06-14 15:48:59,113 - src.data.data_preprocessor - INFO - DataPreprocessor initialized
2025-06-14 15:49:03,361 - src.models.demand_forecaster - INFO - DemandForecaster initialized
2025-06-14 15:49:03,361 - src.models.inventory_optimizer - INFO - Initialized InventoryOptimizer with service level: 0.95
2025-06-14 15:49:03,361 - src.data.data_preprocessor - INFO - DataPreprocessor initialized
2025-06-14 15:49:07,525 - src.models.demand_forecaster - INFO - DemandForecaster initialized
2025-06-14 15:49:07,525 - src.models.inventory_optimizer - INFO - Initialized InventoryOptimizer with service level: 0.95
2025-06-14 15:49:07,526 - src.data.data_preprocessor - INFO - DataPreprocessor initialized
2025-06-14 15:58:01,876 - src.models.demand_forecaster - INFO - DemandForecaster initialized
2025-06-14 15:58:01,876 - src.models.inventory_optimizer - INFO - Initialized InventoryOptimizer with service level: 0.95
2025-06-14 15:58:01,876 - src.data.data_preprocessor - INFO - DataPreprocessor initialized
2025-06-14 15:58:06,116 - src.models.demand_forecaster - INFO - DemandForecaster initialized
2025-06-14 15:58:06,116 - src.models.inventory_optimizer - INFO - Initialized InventoryOptimizer with service level: 0.95
2025-06-14 15:58:06,116 - src.data.data_preprocessor - INFO - DataPreprocessor initialized
2025-06-14 15:58:06,119 - src.models.demand_forecaster - INFO - Training forecasting models for 1 items
2025-06-14 15:58:06,119 - src.models.demand_forecaster - WARNING - Insufficient data for item test-item-123: 5 records
2025-06-14 15:58:06,119 - src.models.demand_forecaster - INFO - Model training completed
2025-06-14 15:58:06,120 - __main__ - WARNING - AI forecaster failed: DemandForecaster.predict() got an unexpected keyword argument 'model_type', using fallback
2025-06-14 15:58:10,328 - src.models.demand_forecaster - INFO - DemandForecaster initialized
2025-06-14 15:58:10,328 - src.models.inventory_optimizer - INFO - Initialized InventoryOptimizer with service level: 0.95
2025-06-14 15:58:10,328 - src.data.data_preprocessor - INFO - DataPreprocessor initialized
2025-06-14 15:58:10,331 - __main__ - WARNING - Forecasting failed for item test-item-456: Models must be fitted before prediction, using fallback
2025-06-14 15:58:10,333 - src.models.inventory_optimizer - ERROR - Error in calculate_optimal_levels for item test-item-456: 'numpy.float64' object has no attribute 'empty'
Traceback (most recent call last):
  File "/workspaces/hospital_inventory_project/ai-module/src/models/inventory_optimizer.py", line 186, in calculate_optimal_levels
    if demand_forecast is None or demand_forecast.empty:
                                  ^^^^^^^^^^^^^^^^^^^^^
AttributeError: 'numpy.float64' object has no attribute 'empty'

2025-06-14 15:58:14,501 - src.models.demand_forecaster - INFO - DemandForecaster initialized
2025-06-14 15:58:14,502 - src.models.inventory_optimizer - INFO - Initialized InventoryOptimizer with service level: 0.95
2025-06-14 15:58:14,502 - src.data.data_preprocessor - INFO - DataPreprocessor initialized
2025-06-14 15:58:31,936 - src.models.demand_forecaster - INFO - DemandForecaster initialized
2025-06-14 15:58:31,936 - src.models.inventory_optimizer - INFO - Initialized InventoryOptimizer with service level: 0.95
2025-06-14 15:58:31,936 - src.data.data_preprocessor - INFO - DataPreprocessor initialized
2025-06-14 15:58:36,089 - src.models.demand_forecaster - INFO - DemandForecaster initialized
2025-06-14 15:58:36,089 - src.models.inventory_optimizer - INFO - Initialized InventoryOptimizer with service level: 0.95
2025-06-14 15:58:36,089 - src.data.data_preprocessor - INFO - DataPreprocessor initialized
2025-06-14 15:58:36,092 - src.models.demand_forecaster - INFO - Training forecasting models for 1 items
2025-06-14 15:58:36,092 - src.models.demand_forecaster - WARNING - Insufficient data for item test-item-123: 5 records
2025-06-14 15:58:36,092 - src.models.demand_forecaster - INFO - Model training completed
2025-06-14 15:58:36,092 - __main__ - WARNING - AI forecaster failed: DemandForecaster.predict() got an unexpected keyword argument 'model_type', using fallback
2025-06-14 15:58:40,421 - src.models.demand_forecaster - INFO - DemandForecaster initialized
2025-06-14 15:58:40,421 - src.models.inventory_optimizer - INFO - Initialized InventoryOptimizer with service level: 0.95
2025-06-14 15:58:40,421 - src.data.data_preprocessor - INFO - DataPreprocessor initialized
2025-06-14 15:58:40,424 - __main__ - WARNING - Forecasting failed for item test-item-456: Models must be fitted before prediction, using fallback
2025-06-14 15:58:40,426 - src.models.inventory_optimizer - ERROR - Error in calculate_optimal_levels for item test-item-456: 'numpy.float64' object has no attribute 'empty'
Traceback (most recent call last):
  File "/workspaces/hospital_inventory_project/ai-module/src/models/inventory_optimizer.py", line 186, in calculate_optimal_levels
    if demand_forecast is None or demand_forecast.empty:
                                  ^^^^^^^^^^^^^^^^^^^^^
AttributeError: 'numpy.float64' object has no attribute 'empty'

2025-06-14 15:58:44,607 - src.models.demand_forecaster - INFO - DemandForecaster initialized
2025-06-14 15:58:44,608 - src.models.inventory_optimizer - INFO - Initialized InventoryOptimizer with service level: 0.95
2025-06-14 15:58:44,608 - src.data.data_preprocessor - INFO - DataPreprocessor initialized
