{"level":"info","message":"Server running on port 5000","service":"hospital-inventory-api","timestamp":"2025-06-14T12:01:24.655Z"}
{"level":"info","message":"Database connected successfully","service":"hospital-inventory-api","timestamp":"2025-06-14T12:01:24.674Z"}
{"level":"info","message":"Database disconnected","service":"hospital-inventory-api","timestamp":"2025-06-14T12:05:43.020Z"}
{"level":"info","message":"Database disconnected","service":"hospital-inventory-api","timestamp":"2025-06-14T12:08:01.900Z"}
{"level":"info","message":"Server running on port 5000","service":"hospital-inventory-api","timestamp":"2025-06-14T12:08:03.367Z"}
{"level":"info","message":"Database connected successfully","service":"hospital-inventory-api","timestamp":"2025-06-14T12:08:03.398Z"}
{"level":"info","message":"Database disconnected","service":"hospital-inventory-api","timestamp":"2025-06-14T12:08:03.418Z"}
{"level":"info","message":"Database disconnected","service":"hospital-inventory-api","timestamp":"2025-06-14T12:08:18.916Z"}
{"level":"info","message":"Server running on port 5000","service":"hospital-inventory-api","timestamp":"2025-06-14T12:08:19.267Z"}
{"level":"info","message":"Database disconnected","service":"hospital-inventory-api","timestamp":"2025-06-14T12:08:19.295Z"}
{"level":"info","message":"Database connected successfully","service":"hospital-inventory-api","timestamp":"2025-06-14T12:08:19.303Z"}
{"level":"info","message":"Database disconnected","service":"hospital-inventory-api","timestamp":"2025-06-14T12:10:20.271Z"}
{"level":"info","message":"Server running on port 5000","service":"hospital-inventory-api","timestamp":"2025-06-14T12:10:21.472Z"}
{"level":"info","message":"Database connected successfully","service":"hospital-inventory-api","timestamp":"2025-06-14T12:10:21.511Z"}
{"level":"info","message":"Database disconnected","service":"hospital-inventory-api","timestamp":"2025-06-14T12:10:21.535Z"}
{"level":"info","message":"Database disconnected","service":"hospital-inventory-api","timestamp":"2025-06-14T12:11:02.649Z"}
{"level":"info","message":"Server running on port 5000","service":"hospital-inventory-api","timestamp":"2025-06-14T12:11:03.005Z"}
{"level":"info","message":"Database disconnected","service":"hospital-inventory-api","timestamp":"2025-06-14T12:11:03.029Z"}
{"level":"info","message":"Database connected successfully","service":"hospital-inventory-api","timestamp":"2025-06-14T12:11:03.056Z"}
{"level":"info","message":"Database disconnected","service":"hospital-inventory-api","timestamp":"2025-06-14T12:11:20.692Z"}
{"level":"info","message":"Server running on port 5000","service":"hospital-inventory-api","timestamp":"2025-06-14T12:11:21.071Z"}
{"level":"info","message":"Database disconnected","service":"hospital-inventory-api","timestamp":"2025-06-14T12:11:21.085Z"}
{"level":"info","message":"Database connected successfully","service":"hospital-inventory-api","timestamp":"2025-06-14T12:11:21.107Z"}
{"level":"info","message":"Database disconnected","service":"hospital-inventory-api","timestamp":"2025-06-14T12:11:28.143Z"}
{"level":"info","message":"Server running on port 5000","service":"hospital-inventory-api","timestamp":"2025-06-14T12:11:28.527Z"}
{"level":"info","message":"Database disconnected","service":"hospital-inventory-api","timestamp":"2025-06-14T12:11:28.555Z"}
{"level":"info","message":"Database connected successfully","service":"hospital-inventory-api","timestamp":"2025-06-14T12:11:28.563Z"}
{"level":"info","message":"Database disconnected","service":"hospital-inventory-api","timestamp":"2025-06-14T12:11:39.708Z"}
{"level":"info","message":"Server running on port 5000","service":"hospital-inventory-api","timestamp":"2025-06-14T12:11:40.064Z"}
{"level":"info","message":"Database connected successfully","service":"hospital-inventory-api","timestamp":"2025-06-14T12:11:40.099Z"}
{"level":"info","message":"Database disconnected","service":"hospital-inventory-api","timestamp":"2025-06-14T12:11:40.096Z"}
{"level":"info","message":"Database disconnected","service":"hospital-inventory-api","timestamp":"2025-06-14T12:11:55.768Z"}
{"level":"info","message":"Server running on port 5000","service":"hospital-inventory-api","timestamp":"2025-06-14T12:11:56.113Z"}
{"level":"info","message":"Database disconnected","service":"hospital-inventory-api","timestamp":"2025-06-14T12:11:56.119Z"}
{"level":"info","message":"Database connected successfully","service":"hospital-inventory-api","timestamp":"2025-06-14T12:11:56.158Z"}
{"level":"info","message":"Database disconnected","service":"hospital-inventory-api","timestamp":"2025-06-14T12:12:05.771Z"}
{"level":"info","message":"Server running on port 5000","service":"hospital-inventory-api","timestamp":"2025-06-14T12:12:06.125Z"}
{"level":"info","message":"Database disconnected","service":"hospital-inventory-api","timestamp":"2025-06-14T12:12:06.137Z"}
{"level":"info","message":"Database connected successfully","service":"hospital-inventory-api","timestamp":"2025-06-14T12:12:06.159Z"}
{"level":"info","message":"Database disconnected","service":"hospital-inventory-api","timestamp":"2025-06-14T12:12:18.549Z"}
{"level":"info","message":"Server running on port 5000","service":"hospital-inventory-api","timestamp":"2025-06-14T12:12:18.931Z"}
{"level":"info","message":"Database disconnected","service":"hospital-inventory-api","timestamp":"2025-06-14T12:12:18.950Z"}
{"level":"info","message":"Database connected successfully","service":"hospital-inventory-api","timestamp":"2025-06-14T12:12:18.970Z"}
{"level":"info","message":"Database disconnected","service":"hospital-inventory-api","timestamp":"2025-06-14T12:12:53.199Z"}
{"level":"info","message":"Server running on port 5000","service":"hospital-inventory-api","timestamp":"2025-06-14T12:12:53.549Z"}
{"level":"info","message":"Database connected successfully","service":"hospital-inventory-api","timestamp":"2025-06-14T12:12:53.587Z"}
{"level":"info","message":"Database disconnected","service":"hospital-inventory-api","timestamp":"2025-06-14T12:13:11.956Z"}
{"level":"info","message":"Server running on port 5000","service":"hospital-inventory-api","timestamp":"2025-06-14T12:13:12.331Z"}
{"level":"info","message":"Database disconnected","service":"hospital-inventory-api","timestamp":"2025-06-14T12:13:12.370Z"}
{"level":"info","message":"Database connected successfully","service":"hospital-inventory-api","timestamp":"2025-06-14T12:13:12.382Z"}
{"level":"info","message":"Database disconnected","service":"hospital-inventory-api","timestamp":"2025-06-14T12:13:22.047Z"}
{"level":"info","message":"Server running on port 5000","service":"hospital-inventory-api","timestamp":"2025-06-14T12:13:22.382Z"}
{"level":"info","message":"Database disconnected","service":"hospital-inventory-api","timestamp":"2025-06-14T12:13:22.411Z"}
{"level":"info","message":"Database connected successfully","service":"hospital-inventory-api","timestamp":"2025-06-14T12:13:22.431Z"}
{"level":"info","message":"Database disconnected","service":"hospital-inventory-api","timestamp":"2025-06-14T12:13:43.223Z"}
{"level":"info","message":"Server running on port 5000","service":"hospital-inventory-api","timestamp":"2025-06-14T12:13:43.606Z"}
{"level":"info","message":"Database disconnected","service":"hospital-inventory-api","timestamp":"2025-06-14T12:13:43.619Z"}
{"level":"info","message":"Database connected successfully","service":"hospital-inventory-api","timestamp":"2025-06-14T12:13:43.641Z"}
{"level":"info","message":"Database disconnected","service":"hospital-inventory-api","timestamp":"2025-06-14T12:15:41.773Z"}
{"level":"info","message":"Server running on port 5000","service":"hospital-inventory-api","timestamp":"2025-06-14T12:15:42.144Z"}
{"level":"info","message":"Database connected successfully","service":"hospital-inventory-api","timestamp":"2025-06-14T12:15:42.175Z"}
{"level":"info","message":"Database disconnected","service":"hospital-inventory-api","timestamp":"2025-06-14T12:15:42.185Z"}
{"level":"info","message":"Database disconnected","service":"hospital-inventory-api","timestamp":"2025-06-14T12:15:59.137Z"}
{"level":"info","message":"Server running on port 5000","service":"hospital-inventory-api","timestamp":"2025-06-14T12:15:59.507Z"}
{"level":"info","message":"Database disconnected","service":"hospital-inventory-api","timestamp":"2025-06-14T12:15:59.525Z"}
{"level":"info","message":"Database connected successfully","service":"hospital-inventory-api","timestamp":"2025-06-14T12:15:59.543Z"}
{"level":"info","message":"Database disconnected","service":"hospital-inventory-api","timestamp":"2025-06-14T12:16:33.936Z"}
{"level":"info","message":"Server running on port 5000","service":"hospital-inventory-api","timestamp":"2025-06-14T12:16:34.287Z"}
{"level":"info","message":"Database disconnected","service":"hospital-inventory-api","timestamp":"2025-06-14T12:16:34.297Z"}
{"level":"info","message":"Database connected successfully","service":"hospital-inventory-api","timestamp":"2025-06-14T12:16:34.324Z"}
{"level":"info","message":"Database disconnected","service":"hospital-inventory-api","timestamp":"2025-06-14T12:17:49.915Z"}
{"level":"info","message":"Server running on port 5000","service":"hospital-inventory-api","timestamp":"2025-06-14T12:17:50.266Z"}
{"level":"info","message":"Database disconnected","service":"hospital-inventory-api","timestamp":"2025-06-14T12:17:50.287Z"}
{"level":"info","message":"Database connected successfully","service":"hospital-inventory-api","timestamp":"2025-06-14T12:17:50.309Z"}
{"level":"info","message":"Server running on port 3001","service":"hospital-inventory-api","timestamp":"2025-06-14T12:47:46.298Z"}
{"level":"info","message":"Database connected successfully","service":"hospital-inventory-api","timestamp":"2025-06-14T12:47:46.327Z"}
{"level":"info","message":"Database disconnected","service":"hospital-inventory-api","timestamp":"2025-06-14T12:50:23.901Z"}
{"level":"info","message":"Server running on port 3001","service":"hospital-inventory-api","timestamp":"2025-06-14T12:50:24.186Z"}
{"level":"info","message":"Database connected successfully","service":"hospital-inventory-api","timestamp":"2025-06-14T12:50:24.220Z"}
{"level":"info","message":"Database disconnected","service":"hospital-inventory-api","timestamp":"2025-06-14T12:50:46.697Z"}
{"level":"info","message":"Server running on port 3001","service":"hospital-inventory-api","timestamp":"2025-06-14T12:50:46.988Z"}
{"level":"info","message":"Database connected successfully","service":"hospital-inventory-api","timestamp":"2025-06-14T12:50:47.021Z"}
{"level":"info","message":"Database disconnected","service":"hospital-inventory-api","timestamp":"2025-06-14T12:52:58.680Z"}
{"level":"info","message":"Server running on port 3001","service":"hospital-inventory-api","timestamp":"2025-06-14T12:53:25.250Z"}
{"level":"info","message":"Database connected successfully","service":"hospital-inventory-api","timestamp":"2025-06-14T12:53:25.278Z"}
{"level":"info","message":"Database disconnected","service":"hospital-inventory-api","timestamp":"2025-06-14T12:56:15.805Z"}
{"level":"info","message":"Server running on port 3001","service":"hospital-inventory-api","timestamp":"2025-06-14T12:56:18.078Z"}
{"level":"info","message":"Database disconnected","service":"hospital-inventory-api","timestamp":"2025-06-14T12:56:18.097Z"}
{"level":"info","message":"Database connected successfully","service":"hospital-inventory-api","timestamp":"2025-06-14T12:56:18.130Z"}
{"level":"info","message":"Database disconnected","service":"hospital-inventory-api","timestamp":"2025-06-14T12:56:18.162Z"}
{"level":"info","message":"Database disconnected","service":"hospital-inventory-api","timestamp":"2025-06-14T12:56:32.628Z"}
{"level":"info","message":"Server running on port 3001","service":"hospital-inventory-api","timestamp":"2025-06-14T12:56:34.104Z"}
{"level":"info","message":"Database disconnected","service":"hospital-inventory-api","timestamp":"2025-06-14T12:56:34.141Z"}
{"level":"info","message":"Database connected successfully","service":"hospital-inventory-api","timestamp":"2025-06-14T12:56:34.172Z"}
{"level":"info","message":"Database disconnected","service":"hospital-inventory-api","timestamp":"2025-06-14T12:56:34.172Z"}
{"level":"info","message":"Database disconnected","service":"hospital-inventory-api","timestamp":"2025-06-14T12:57:24.577Z"}
{"level":"info","message":"Server running on port 3001","service":"hospital-inventory-api","timestamp":"2025-06-14T12:57:24.988Z"}
{"level":"info","message":"Database disconnected","service":"hospital-inventory-api","timestamp":"2025-06-14T12:57:25.005Z"}
{"level":"info","message":"Database connected successfully","service":"hospital-inventory-api","timestamp":"2025-06-14T12:57:25.047Z"}
{"level":"info","message":"Database disconnected","service":"hospital-inventory-api","timestamp":"2025-06-14T12:57:25.056Z"}
{"level":"info","message":"Database disconnected","service":"hospital-inventory-api","timestamp":"2025-06-14T12:58:41.241Z"}
{"level":"info","message":"Server running on port 3001","service":"hospital-inventory-api","timestamp":"2025-06-14T12:58:41.623Z"}
{"level":"info","message":"Database connected successfully","service":"hospital-inventory-api","timestamp":"2025-06-14T12:58:41.675Z"}
{"level":"info","message":"Database disconnected","service":"hospital-inventory-api","timestamp":"2025-06-14T12:58:41.671Z"}
{"level":"info","message":"Database disconnected","service":"hospital-inventory-api","timestamp":"2025-06-14T14:02:02.139Z"}
{"level":"info","message":"Server running on port 3001","service":"hospital-inventory-api","timestamp":"2025-06-14T14:02:02.571Z"}
{"level":"info","message":"Database disconnected","service":"hospital-inventory-api","timestamp":"2025-06-14T14:02:02.599Z"}
{"level":"info","message":"Database disconnected","service":"hospital-inventory-api","timestamp":"2025-06-14T14:02:02.619Z"}
{"level":"info","message":"Database connected successfully","service":"hospital-inventory-api","timestamp":"2025-06-14T14:02:02.643Z"}
{"level":"info","message":"Database disconnected","service":"hospital-inventory-api","timestamp":"2025-06-14T14:02:13.998Z"}
{"level":"info","message":"Server running on port 3001","service":"hospital-inventory-api","timestamp":"2025-06-14T14:02:14.715Z"}
{"level":"info","message":"Database connected successfully","service":"hospital-inventory-api","timestamp":"2025-06-14T14:02:14.768Z"}
{"level":"info","message":"Database disconnected","service":"hospital-inventory-api","timestamp":"2025-06-14T14:02:14.778Z"}
{"level":"info","message":"Database disconnected","service":"hospital-inventory-api","timestamp":"2025-06-14T14:02:14.803Z"}
{"level":"info","message":"Database disconnected","service":"hospital-inventory-api","timestamp":"2025-06-14T14:02:24.414Z"}
{"level":"info","message":"Server running on port 3001","service":"hospital-inventory-api","timestamp":"2025-06-14T14:02:24.885Z"}
{"level":"info","message":"Database disconnected","service":"hospital-inventory-api","timestamp":"2025-06-14T14:02:24.911Z"}
{"level":"info","message":"Database disconnected","service":"hospital-inventory-api","timestamp":"2025-06-14T14:02:24.925Z"}
{"level":"info","message":"Database connected successfully","service":"hospital-inventory-api","timestamp":"2025-06-14T14:02:24.944Z"}
{"level":"info","message":"Database disconnected","service":"hospital-inventory-api","timestamp":"2025-06-14T14:12:39.887Z"}
{"level":"info","message":"Database disconnected","service":"hospital-inventory-api","timestamp":"2025-06-14T14:14:02.963Z"}
{"level":"info","message":"Server running on port 3001","service":"hospital-inventory-api","timestamp":"2025-06-14T14:14:03.463Z"}
{"level":"info","message":"Database connected successfully","service":"hospital-inventory-api","timestamp":"2025-06-14T14:14:03.564Z"}
{"level":"info","message":"Database disconnected","service":"hospital-inventory-api","timestamp":"2025-06-14T14:14:03.608Z"}
{"level":"info","message":"Database disconnected","service":"hospital-inventory-api","timestamp":"2025-06-14T14:14:20.863Z"}
{"level":"info","message":"Server running on port 3001","service":"hospital-inventory-api","timestamp":"2025-06-14T14:14:21.352Z"}
{"level":"info","message":"Database disconnected","service":"hospital-inventory-api","timestamp":"2025-06-14T14:14:21.444Z"}
{"level":"info","message":"Database connected successfully","service":"hospital-inventory-api","timestamp":"2025-06-14T14:14:21.449Z"}
{"level":"info","message":"Database disconnected","service":"hospital-inventory-api","timestamp":"2025-06-14T14:14:56.057Z"}
{"level":"info","message":"Server running on port 3001","service":"hospital-inventory-api","timestamp":"2025-06-14T14:14:56.576Z"}
{"level":"info","message":"Database disconnected","service":"hospital-inventory-api","timestamp":"2025-06-14T14:14:56.618Z"}
{"level":"info","message":"Database connected successfully","service":"hospital-inventory-api","timestamp":"2025-06-14T14:14:56.640Z"}
{"level":"info","message":"Database disconnected","service":"hospital-inventory-api","timestamp":"2025-06-14T14:15:18.512Z"}
{"level":"info","message":"Server running on port 3001","service":"hospital-inventory-api","timestamp":"2025-06-14T14:15:19.082Z"}
{"level":"info","message":"Database disconnected","service":"hospital-inventory-api","timestamp":"2025-06-14T14:15:19.111Z"}
{"level":"info","message":"Database connected successfully","service":"hospital-inventory-api","timestamp":"2025-06-14T14:15:19.162Z"}
{"level":"info","message":"Database disconnected","service":"hospital-inventory-api","timestamp":"2025-06-14T14:15:28.730Z"}
{"level":"info","message":"Server running on port 3001","service":"hospital-inventory-api","timestamp":"2025-06-14T14:15:29.268Z"}
{"level":"info","message":"Database connected successfully","service":"hospital-inventory-api","timestamp":"2025-06-14T14:15:29.355Z"}
{"level":"info","message":"Database disconnected","service":"hospital-inventory-api","timestamp":"2025-06-14T14:15:29.358Z"}
{"level":"info","message":"Database disconnected","service":"hospital-inventory-api","timestamp":"2025-06-14T14:15:29.367Z"}
{"level":"info","message":"Database disconnected","service":"hospital-inventory-api","timestamp":"2025-06-14T14:15:38.658Z"}
{"level":"info","message":"Server running on port 3001","service":"hospital-inventory-api","timestamp":"2025-06-14T14:15:39.270Z"}
{"level":"info","message":"Database connected successfully","service":"hospital-inventory-api","timestamp":"2025-06-14T14:15:39.378Z"}
{"level":"info","message":"Database disconnected","service":"hospital-inventory-api","timestamp":"2025-06-14T14:15:39.383Z"}
{"level":"info","message":"Database disconnected","service":"hospital-inventory-api","timestamp":"2025-06-14T14:15:39.428Z"}
{"level":"info","message":"Database disconnected","service":"hospital-inventory-api","timestamp":"2025-06-14T14:15:39.442Z"}
{"level":"info","message":"Database disconnected","service":"hospital-inventory-api","timestamp":"2025-06-14T14:16:05.026Z"}
{"level":"info","message":"Server running on port 3001","service":"hospital-inventory-api","timestamp":"2025-06-14T14:16:05.561Z"}
{"level":"info","message":"Database connected successfully","service":"hospital-inventory-api","timestamp":"2025-06-14T14:16:05.628Z"}
{"level":"info","message":"Server running on port 5000","service":"hospital-inventory-api","timestamp":"2025-06-14T14:17:59.327Z"}
{"clientVersion":"5.22.0","errorCode":"P1010","level":"error","message":"Database connection failed: User `` was denied access on the database `hospital_inventory.public`","name":"PrismaClientInitializationError","service":"hospital-inventory-api","stack":"PrismaClientInitializationError: User `` was denied access on the database `hospital_inventory.public`\n    at t (/workspaces/hospital_inventory_project/backend/node_modules/@prisma/client/runtime/library.js:112:2488)","timestamp":"2025-06-14T14:17:59.361Z"}
{"level":"info","message":"Database disconnected","service":"hospital-inventory-api","timestamp":"2025-06-14T15:13:10.553Z"}
{"level":"info","message":"Database disconnected","service":"hospital-inventory-api","timestamp":"2025-06-14T15:13:11.802Z"}
{"level":"info","message":"Database disconnected","service":"hospital-inventory-api","timestamp":"2025-06-14T15:13:11.782Z"}
{"level":"info","message":"Server running on port 3001","service":"hospital-inventory-api","timestamp":"2025-06-14T15:13:11.741Z"}
{"level":"info","message":"Database connected successfully","service":"hospital-inventory-api","timestamp":"2025-06-14T15:13:11.924Z"}
{"level":"info","message":"Database disconnected","service":"hospital-inventory-api","timestamp":"2025-06-14T15:13:52.438Z"}
{"level":"info","message":"Server running on port 3001","service":"hospital-inventory-api","timestamp":"2025-06-14T15:13:53.127Z"}
{"level":"info","message":"Database connected successfully","service":"hospital-inventory-api","timestamp":"2025-06-14T15:13:53.302Z"}
{"level":"info","message":"Database disconnected","service":"hospital-inventory-api","timestamp":"2025-06-14T15:13:53.323Z"}
{"level":"info","message":"Database disconnected","service":"hospital-inventory-api","timestamp":"2025-06-14T15:13:53.332Z"}
{"level":"info","message":"Database disconnected","service":"hospital-inventory-api","timestamp":"2025-06-14T15:13:53.365Z"}
{"level":"info","message":"Database disconnected","service":"hospital-inventory-api","timestamp":"2025-06-14T15:14:14.774Z"}
{"level":"info","message":"Server running on port 3001","service":"hospital-inventory-api","timestamp":"2025-06-14T15:14:15.295Z"}
{"level":"info","message":"Database connected successfully","service":"hospital-inventory-api","timestamp":"2025-06-14T15:14:15.381Z"}
{"level":"info","message":"Database disconnected","service":"hospital-inventory-api","timestamp":"2025-06-14T15:14:15.436Z"}
{"level":"info","message":"Database disconnected","service":"hospital-inventory-api","timestamp":"2025-06-14T15:14:15.493Z"}
{"level":"info","message":"Server running on port 3001","service":"hospital-inventory-api","timestamp":"2025-06-14T16:30:39.757Z"}
{"level":"info","message":"Database connected successfully","service":"hospital-inventory-api","timestamp":"2025-06-14T16:30:39.792Z"}
{"level":"info","message":"Database disconnected","service":"hospital-inventory-api","timestamp":"2025-06-14T16:31:15.776Z"}
{"body":{"forecastHorizon":30,"itemId":"cmbw8jzhl0007envrfjaroqh9","modelType":"auto"},"error":"[\n  {\n    \"received\": \"auto\",\n    \"code\": \"invalid_enum_value\",\n    \"options\": [\n      \"arima\",\n      \"prophet\",\n      \"lstm\",\n      \"random_forest\",\n      \"ensemble\"\n    ],\n    \"path\": [\n      \"modelType\"\n    ],\n    \"message\": \"Invalid enum value. Expected 'arima' | 'prophet' | 'lstm' | 'random_forest' | 'ensemble', received 'auto'\"\n  }\n]","level":"error","message":"Error occurred:","method":"POST","service":"hospital-inventory-api","stack":"ZodError: [\n  {\n    \"received\": \"auto\",\n    \"code\": \"invalid_enum_value\",\n    \"options\": [\n      \"arima\",\n      \"prophet\",\n      \"lstm\",\n      \"random_forest\",\n      \"ensemble\"\n    ],\n    \"path\": [\n      \"modelType\"\n    ],\n    \"message\": \"Invalid enum value. Expected 'arima' | 'prophet' | 'lstm' | 'random_forest' | 'ensemble', received 'auto'\"\n  }\n]\n    at Object.get error [as error] (/workspaces/hospital_inventory_project/backend/node_modules/zod/dist/cjs/v3/types.js:45:31)\n    at ZodObject.parse (/workspaces/hospital_inventory_project/backend/node_modules/zod/dist/cjs/v3/types.js:120:22)\n    at /workspaces/hospital_inventory_project/backend/src/middleware/validation.ts:7:14\n    at Layer.handle [as handle_request] (/workspaces/hospital_inventory_project/backend/node_modules/express/lib/router/layer.js:95:5)\n    at next (/workspaces/hospital_inventory_project/backend/node_modules/express/lib/router/route.js:149:13)\n    at /workspaces/hospital_inventory_project/backend/src/middleware/auth.ts:67:5\n    at Layer.handle [as handle_request] (/workspaces/hospital_inventory_project/backend/node_modules/express/lib/router/layer.js:95:5)\n    at next (/workspaces/hospital_inventory_project/backend/node_modules/express/lib/router/route.js:149:13)\n    at Route.dispatch (/workspaces/hospital_inventory_project/backend/node_modules/express/lib/router/route.js:119:3)\n    at Layer.handle [as handle_request] (/workspaces/hospital_inventory_project/backend/node_modules/express/lib/router/layer.js:95:5)","timestamp":"2025-06-14T16:33:05.233Z","url":"/api/ai/forecast","user":"cmbw8jz3b0000envrmaxu1ova"}
{"level":"error","message":"Error generating inventory optimization: \nInvalid `prisma.inventoryItem.findUnique()` invocation in\n/workspaces/hospital_inventory_project/backend/src/services/AIService.ts:185:45\n\n  182  * Helper to get item data along with historical demand\n  183  */\n  184 private async getItemDataForAI(itemId: string) {\n→ 185   const item = await prisma.inventoryItem.findUnique(\nThe column `it_requests.quantity` does not exist in the current database.","service":"hospital-inventory-api","timestamp":"2025-06-14T16:33:08.444Z"}
{"body":{"holdingCostRate":0.25,"itemId":"cmbw8jzhl0007envrfjaroqh9","orderingCost":150,"serviceLevel":0.95},"error":"Failed to generate inventory optimization","level":"error","message":"Error occurred:","method":"POST","service":"hospital-inventory-api","stack":"Error: Failed to generate inventory optimization\n    at createError (/workspaces/hospital_inventory_project/backend/src/middleware/errorHandler.ts:92:17)\n    at AIService.generateInventoryOptimization (/workspaces/hospital_inventory_project/backend/src/services/AIService.ts:177:24)\n    at /workspaces/hospital_inventory_project/backend/src/routes/ai.ts:66:29","timestamp":"2025-06-14T16:33:08.445Z","url":"/api/ai/optimize","user":"cmbw8jz3b0000envrmaxu1ova"}
{"body":{"forecastHorizon":30,"itemId":"cmbw8jzhr0009envr8mni510p","modelType":"auto"},"error":"[\n  {\n    \"received\": \"auto\",\n    \"code\": \"invalid_enum_value\",\n    \"options\": [\n      \"arima\",\n      \"prophet\",\n      \"lstm\",\n      \"random_forest\",\n      \"ensemble\"\n    ],\n    \"path\": [\n      \"modelType\"\n    ],\n    \"message\": \"Invalid enum value. Expected 'arima' | 'prophet' | 'lstm' | 'random_forest' | 'ensemble', received 'auto'\"\n  }\n]","level":"error","message":"Error occurred:","method":"POST","service":"hospital-inventory-api","stack":"ZodError: [\n  {\n    \"received\": \"auto\",\n    \"code\": \"invalid_enum_value\",\n    \"options\": [\n      \"arima\",\n      \"prophet\",\n      \"lstm\",\n      \"random_forest\",\n      \"ensemble\"\n    ],\n    \"path\": [\n      \"modelType\"\n    ],\n    \"message\": \"Invalid enum value. Expected 'arima' | 'prophet' | 'lstm' | 'random_forest' | 'ensemble', received 'auto'\"\n  }\n]\n    at Object.get error [as error] (/workspaces/hospital_inventory_project/backend/node_modules/zod/dist/cjs/v3/types.js:45:31)\n    at ZodObject.parse (/workspaces/hospital_inventory_project/backend/node_modules/zod/dist/cjs/v3/types.js:120:22)\n    at /workspaces/hospital_inventory_project/backend/src/middleware/validation.ts:7:14\n    at Layer.handle [as handle_request] (/workspaces/hospital_inventory_project/backend/node_modules/express/lib/router/layer.js:95:5)\n    at next (/workspaces/hospital_inventory_project/backend/node_modules/express/lib/router/route.js:149:13)\n    at /workspaces/hospital_inventory_project/backend/src/middleware/auth.ts:67:5\n    at Layer.handle [as handle_request] (/workspaces/hospital_inventory_project/backend/node_modules/express/lib/router/layer.js:95:5)\n    at next (/workspaces/hospital_inventory_project/backend/node_modules/express/lib/router/route.js:149:13)\n    at Route.dispatch (/workspaces/hospital_inventory_project/backend/node_modules/express/lib/router/route.js:119:3)\n    at Layer.handle [as handle_request] (/workspaces/hospital_inventory_project/backend/node_modules/express/lib/router/layer.js:95:5)","timestamp":"2025-06-14T16:34:49.534Z","url":"/api/ai/forecast","user":"cmbw8jz3b0000envrmaxu1ova"}
{"body":{"forecastHorizon":30,"itemId":"cmbw8jzhr0009envr8mni510p","modelType":"auto"},"error":"[\n  {\n    \"received\": \"auto\",\n    \"code\": \"invalid_enum_value\",\n    \"options\": [\n      \"arima\",\n      \"prophet\",\n      \"lstm\",\n      \"random_forest\",\n      \"ensemble\"\n    ],\n    \"path\": [\n      \"modelType\"\n    ],\n    \"message\": \"Invalid enum value. Expected 'arima' | 'prophet' | 'lstm' | 'random_forest' | 'ensemble', received 'auto'\"\n  }\n]","level":"error","message":"Error occurred:","method":"POST","service":"hospital-inventory-api","stack":"ZodError: [\n  {\n    \"received\": \"auto\",\n    \"code\": \"invalid_enum_value\",\n    \"options\": [\n      \"arima\",\n      \"prophet\",\n      \"lstm\",\n      \"random_forest\",\n      \"ensemble\"\n    ],\n    \"path\": [\n      \"modelType\"\n    ],\n    \"message\": \"Invalid enum value. Expected 'arima' | 'prophet' | 'lstm' | 'random_forest' | 'ensemble', received 'auto'\"\n  }\n]\n    at Object.get error [as error] (/workspaces/hospital_inventory_project/backend/node_modules/zod/dist/cjs/v3/types.js:45:31)\n    at ZodObject.parse (/workspaces/hospital_inventory_project/backend/node_modules/zod/dist/cjs/v3/types.js:120:22)\n    at /workspaces/hospital_inventory_project/backend/src/middleware/validation.ts:7:14\n    at Layer.handle [as handle_request] (/workspaces/hospital_inventory_project/backend/node_modules/express/lib/router/layer.js:95:5)\n    at next (/workspaces/hospital_inventory_project/backend/node_modules/express/lib/router/route.js:149:13)\n    at /workspaces/hospital_inventory_project/backend/src/middleware/auth.ts:67:5\n    at Layer.handle [as handle_request] (/workspaces/hospital_inventory_project/backend/node_modules/express/lib/router/layer.js:95:5)\n    at next (/workspaces/hospital_inventory_project/backend/node_modules/express/lib/router/route.js:149:13)\n    at Route.dispatch (/workspaces/hospital_inventory_project/backend/node_modules/express/lib/router/route.js:119:3)\n    at Layer.handle [as handle_request] (/workspaces/hospital_inventory_project/backend/node_modules/express/lib/router/layer.js:95:5)","timestamp":"2025-06-14T16:39:38.083Z","url":"/api/ai/forecast","user":"cmbw8jz3b0000envrmaxu1ova"}
{"level":"error","message":"Error generating inventory optimization: Failed to start AI module: spawn /usr/local/python/current EACCES","service":"hospital-inventory-api","timestamp":"2025-06-14T16:39:40.010Z"}
{"body":{"holdingCostRate":0.25,"itemId":"cmbw8jzhr0009envr8mni510p","orderingCost":150,"serviceLevel":0.95},"error":"Failed to generate inventory optimization","level":"error","message":"Error occurred:","method":"POST","service":"hospital-inventory-api","stack":"Error: Failed to generate inventory optimization\n    at createError (/workspaces/hospital_inventory_project/backend/src/middleware/errorHandler.ts:92:17)\n    at AIService.generateInventoryOptimization (/workspaces/hospital_inventory_project/backend/src/services/AIService.ts:177:24)\n    at processTicksAndRejections (node:internal/process/task_queues:95:5)\n    at /workspaces/hospital_inventory_project/backend/src/routes/ai.ts:66:29","timestamp":"2025-06-14T16:39:40.011Z","url":"/api/ai/optimize","user":"cmbw8jz3b0000envrmaxu1ova"}
{"body":{"forecastHorizon":30,"itemId":"cmbwgr5gt0007d1tre8b1t56w","modelType":"auto"},"error":"[\n  {\n    \"received\": \"auto\",\n    \"code\": \"invalid_enum_value\",\n    \"options\": [\n      \"arima\",\n      \"prophet\",\n      \"lstm\",\n      \"random_forest\",\n      \"ensemble\"\n    ],\n    \"path\": [\n      \"modelType\"\n    ],\n    \"message\": \"Invalid enum value. Expected 'arima' | 'prophet' | 'lstm' | 'random_forest' | 'ensemble', received 'auto'\"\n  }\n]","level":"error","message":"Error occurred:","method":"POST","service":"hospital-inventory-api","stack":"ZodError: [\n  {\n    \"received\": \"auto\",\n    \"code\": \"invalid_enum_value\",\n    \"options\": [\n      \"arima\",\n      \"prophet\",\n      \"lstm\",\n      \"random_forest\",\n      \"ensemble\"\n    ],\n    \"path\": [\n      \"modelType\"\n    ],\n    \"message\": \"Invalid enum value. Expected 'arima' | 'prophet' | 'lstm' | 'random_forest' | 'ensemble', received 'auto'\"\n  }\n]\n    at Object.get error [as error] (/workspaces/hospital_inventory_project/backend/node_modules/zod/dist/cjs/v3/types.js:45:31)\n    at ZodObject.parse (/workspaces/hospital_inventory_project/backend/node_modules/zod/dist/cjs/v3/types.js:120:22)\n    at /workspaces/hospital_inventory_project/backend/src/middleware/validation.ts:7:14\n    at Layer.handle [as handle_request] (/workspaces/hospital_inventory_project/backend/node_modules/express/lib/router/layer.js:95:5)\n    at next (/workspaces/hospital_inventory_project/backend/node_modules/express/lib/router/route.js:149:13)\n    at /workspaces/hospital_inventory_project/backend/src/middleware/auth.ts:67:5\n    at Layer.handle [as handle_request] (/workspaces/hospital_inventory_project/backend/node_modules/express/lib/router/layer.js:95:5)\n    at next (/workspaces/hospital_inventory_project/backend/node_modules/express/lib/router/route.js:149:13)\n    at Route.dispatch (/workspaces/hospital_inventory_project/backend/node_modules/express/lib/router/route.js:119:3)\n    at Layer.handle [as handle_request] (/workspaces/hospital_inventory_project/backend/node_modules/express/lib/router/layer.js:95:5)","timestamp":"2025-06-14T16:43:14.431Z","url":"/api/ai/forecast","user":"cmbwgr4xt0000d1tr9h4xsydf"}
{"level":"error","message":"Error generating inventory optimization: Failed to start AI module: spawn /usr/local/python/current EACCES","service":"hospital-inventory-api","timestamp":"2025-06-14T16:43:54.549Z"}
{"body":{"holdingCostRate":0.25,"itemId":"cmbwgr5gt0007d1tre8b1t56w","orderingCost":150,"serviceLevel":0.95},"error":"Failed to generate inventory optimization","level":"error","message":"Error occurred:","method":"POST","service":"hospital-inventory-api","stack":"Error: Failed to generate inventory optimization\n    at createError (/workspaces/hospital_inventory_project/backend/src/middleware/errorHandler.ts:92:17)\n    at AIService.generateInventoryOptimization (/workspaces/hospital_inventory_project/backend/src/services/AIService.ts:177:24)\n    at processTicksAndRejections (node:internal/process/task_queues:95:5)\n    at /workspaces/hospital_inventory_project/backend/src/routes/ai.ts:66:29","timestamp":"2025-06-14T16:43:54.549Z","url":"/api/ai/optimize","user":"cmbwgr4xt0000d1tr9h4xsydf"}
{"level":"info","message":"Database disconnected","service":"hospital-inventory-api","timestamp":"2025-06-14T16:44:52.806Z"}
{"level":"info","message":"Server running on port 3001","service":"hospital-inventory-api","timestamp":"2025-06-14T16:44:53.375Z"}
{"level":"info","message":"Database connected successfully","service":"hospital-inventory-api","timestamp":"2025-06-14T16:44:53.420Z"}
{"level":"info","message":"Database disconnected","service":"hospital-inventory-api","timestamp":"2025-06-14T16:47:07.474Z"}
{"level":"info","message":"Server running on port 3001","service":"hospital-inventory-api","timestamp":"2025-06-14T16:47:07.786Z"}
{"level":"info","message":"Database connected successfully","service":"hospital-inventory-api","timestamp":"2025-06-14T16:47:07.820Z"}
{"level":"info","message":"Database disconnected","service":"hospital-inventory-api","timestamp":"2025-06-14T16:47:09.247Z"}
{"level":"info","message":"Server running on port 3001","service":"hospital-inventory-api","timestamp":"2025-06-14T16:47:30.526Z"}
{"level":"info","message":"Database connected successfully","service":"hospital-inventory-api","timestamp":"2025-06-14T16:47:30.555Z"}
{"level":"error","message":"Error generating inventory optimization: Failed to start AI module: spawn /usr/local/python/current EACCES","service":"hospital-inventory-api","timestamp":"2025-06-14T16:48:11.451Z"}
{"body":{"holdingCostRate":0.25,"itemId":"cmbwgr5gt0007d1tre8b1t56w","orderingCost":150,"serviceLevel":0.95},"error":"Failed to generate inventory optimization","level":"error","message":"Error occurred:","method":"POST","service":"hospital-inventory-api","stack":"Error: Failed to generate inventory optimization\n    at createError (/workspaces/hospital_inventory_project/backend/src/middleware/errorHandler.ts:92:17)\n    at AIService.generateInventoryOptimization (/workspaces/hospital_inventory_project/backend/src/services/AIService.ts:177:24)\n    at processTicksAndRejections (node:internal/process/task_queues:95:5)\n    at /workspaces/hospital_inventory_project/backend/src/routes/ai.ts:66:29","timestamp":"2025-06-14T16:48:11.453Z","url":"/api/ai/optimize","user":"cmbwgr4xt0000d1tr9h4xsydf"}
{"level":"info","message":"Database disconnected","service":"hospital-inventory-api","timestamp":"2025-06-14T16:48:32.366Z"}
{"level":"info","message":"Server running on port 3001","service":"hospital-inventory-api","timestamp":"2025-06-14T16:48:33.933Z"}
{"level":"info","message":"Database connected successfully","service":"hospital-inventory-api","timestamp":"2025-06-14T16:48:33.969Z"}
{"body":{"forecastHorizon":30,"itemId":"cmbwgr5gw0008d1tr03v16aed","modelType":"auto"},"error":"[\n  {\n    \"received\": \"auto\",\n    \"code\": \"invalid_enum_value\",\n    \"options\": [\n      \"arima\",\n      \"prophet\",\n      \"lstm\",\n      \"random_forest\",\n      \"ensemble\"\n    ],\n    \"path\": [\n      \"modelType\"\n    ],\n    \"message\": \"Invalid enum value. Expected 'arima' | 'prophet' | 'lstm' | 'random_forest' | 'ensemble', received 'auto'\"\n  }\n]","level":"error","message":"Error occurred:","method":"POST","service":"hospital-inventory-api","stack":"ZodError: [\n  {\n    \"received\": \"auto\",\n    \"code\": \"invalid_enum_value\",\n    \"options\": [\n      \"arima\",\n      \"prophet\",\n      \"lstm\",\n      \"random_forest\",\n      \"ensemble\"\n    ],\n    \"path\": [\n      \"modelType\"\n    ],\n    \"message\": \"Invalid enum value. Expected 'arima' | 'prophet' | 'lstm' | 'random_forest' | 'ensemble', received 'auto'\"\n  }\n]\n    at Object.get error [as error] (/workspaces/hospital_inventory_project/backend/node_modules/zod/dist/cjs/v3/types.js:45:31)\n    at ZodObject.parse (/workspaces/hospital_inventory_project/backend/node_modules/zod/dist/cjs/v3/types.js:120:22)\n    at /workspaces/hospital_inventory_project/backend/src/middleware/validation.ts:7:14\n    at Layer.handle [as handle_request] (/workspaces/hospital_inventory_project/backend/node_modules/express/lib/router/layer.js:95:5)\n    at next (/workspaces/hospital_inventory_project/backend/node_modules/express/lib/router/route.js:149:13)\n    at /workspaces/hospital_inventory_project/backend/src/middleware/auth.ts:67:5\n    at Layer.handle [as handle_request] (/workspaces/hospital_inventory_project/backend/node_modules/express/lib/router/layer.js:95:5)\n    at next (/workspaces/hospital_inventory_project/backend/node_modules/express/lib/router/route.js:149:13)\n    at Route.dispatch (/workspaces/hospital_inventory_project/backend/node_modules/express/lib/router/route.js:119:3)\n    at Layer.handle [as handle_request] (/workspaces/hospital_inventory_project/backend/node_modules/express/lib/router/layer.js:95:5)","timestamp":"2025-06-14T16:49:18.699Z","url":"/api/ai/forecast","user":"cmbwgr4xt0000d1tr9h4xsydf"}
{"level":"error","message":"Error generating inventory optimization: Failed to start AI module: spawn /usr/local/python/current EACCES","service":"hospital-inventory-api","timestamp":"2025-06-14T16:49:20.229Z"}
{"body":{"holdingCostRate":0.25,"itemId":"cmbwgr5gw0008d1tr03v16aed","orderingCost":150,"serviceLevel":0.95},"error":"Failed to generate inventory optimization","level":"error","message":"Error occurred:","method":"POST","service":"hospital-inventory-api","stack":"Error: Failed to generate inventory optimization\n    at createError (/workspaces/hospital_inventory_project/backend/src/middleware/errorHandler.ts:92:17)\n    at AIService.generateInventoryOptimization (/workspaces/hospital_inventory_project/backend/src/services/AIService.ts:177:24)\n    at processTicksAndRejections (node:internal/process/task_queues:95:5)\n    at /workspaces/hospital_inventory_project/backend/src/routes/ai.ts:66:29","timestamp":"2025-06-14T16:49:20.232Z","url":"/api/ai/optimize","user":"cmbwgr4xt0000d1tr9h4xsydf"}
{"level":"info","message":"Database disconnected","service":"hospital-inventory-api","timestamp":"2025-06-14T16:51:36.738Z"}
{"level":"info","message":"Server running on port 3001","service":"hospital-inventory-api","timestamp":"2025-06-14T16:56:22.619Z"}
{"level":"info","message":"Database connected successfully","service":"hospital-inventory-api","timestamp":"2025-06-14T16:56:22.648Z"}
{"body":{"forecastHorizon":30,"itemId":"cmbwgr5gz0009d1trytamvw5f","modelType":"auto"},"error":"[\n  {\n    \"received\": \"auto\",\n    \"code\": \"invalid_enum_value\",\n    \"options\": [\n      \"arima\",\n      \"prophet\",\n      \"lstm\",\n      \"random_forest\",\n      \"ensemble\"\n    ],\n    \"path\": [\n      \"modelType\"\n    ],\n    \"message\": \"Invalid enum value. Expected 'arima' | 'prophet' | 'lstm' | 'random_forest' | 'ensemble', received 'auto'\"\n  }\n]","level":"error","message":"Error occurred:","method":"POST","service":"hospital-inventory-api","stack":"ZodError: [\n  {\n    \"received\": \"auto\",\n    \"code\": \"invalid_enum_value\",\n    \"options\": [\n      \"arima\",\n      \"prophet\",\n      \"lstm\",\n      \"random_forest\",\n      \"ensemble\"\n    ],\n    \"path\": [\n      \"modelType\"\n    ],\n    \"message\": \"Invalid enum value. Expected 'arima' | 'prophet' | 'lstm' | 'random_forest' | 'ensemble', received 'auto'\"\n  }\n]\n    at Object.get error [as error] (/workspaces/hospital_inventory_project/backend/node_modules/zod/dist/cjs/v3/types.js:45:31)\n    at ZodObject.parse (/workspaces/hospital_inventory_project/backend/node_modules/zod/dist/cjs/v3/types.js:120:22)\n    at /workspaces/hospital_inventory_project/backend/src/middleware/validation.ts:7:14\n    at Layer.handle [as handle_request] (/workspaces/hospital_inventory_project/backend/node_modules/express/lib/router/layer.js:95:5)\n    at next (/workspaces/hospital_inventory_project/backend/node_modules/express/lib/router/route.js:149:13)\n    at /workspaces/hospital_inventory_project/backend/src/middleware/auth.ts:67:5\n    at Layer.handle [as handle_request] (/workspaces/hospital_inventory_project/backend/node_modules/express/lib/router/layer.js:95:5)\n    at next (/workspaces/hospital_inventory_project/backend/node_modules/express/lib/router/route.js:149:13)\n    at Route.dispatch (/workspaces/hospital_inventory_project/backend/node_modules/express/lib/router/route.js:119:3)\n    at Layer.handle [as handle_request] (/workspaces/hospital_inventory_project/backend/node_modules/express/lib/router/layer.js:95:5)","timestamp":"2025-06-14T16:56:36.673Z","url":"/api/ai/forecast","user":"cmbwgr4xt0000d1tr9h4xsydf"}
{"level":"error","message":"Error generating inventory optimization: Failed to start AI module: spawn /usr/local/python/current EACCES","service":"hospital-inventory-api","timestamp":"2025-06-14T16:56:36.693Z"}
{"body":{"holdingCostRate":0.25,"itemId":"cmbwgr5gz0009d1trytamvw5f","orderingCost":150,"serviceLevel":0.95},"error":"Failed to generate inventory optimization","level":"error","message":"Error occurred:","method":"POST","service":"hospital-inventory-api","stack":"Error: Failed to generate inventory optimization\n    at createError (/workspaces/hospital_inventory_project/backend/src/middleware/errorHandler.ts:92:17)\n    at AIService.generateInventoryOptimization (/workspaces/hospital_inventory_project/backend/src/services/AIService.ts:177:24)\n    at processTicksAndRejections (node:internal/process/task_queues:95:5)\n    at /workspaces/hospital_inventory_project/backend/src/routes/ai.ts:66:29","timestamp":"2025-06-14T16:56:36.695Z","url":"/api/ai/optimize","user":"cmbwgr4xt0000d1tr9h4xsydf"}
{"level":"info","message":"Database disconnected","service":"hospital-inventory-api","timestamp":"2025-06-14T16:57:10.112Z"}
{"level":"info","message":"Server running on port 3001","service":"hospital-inventory-api","timestamp":"2025-06-14T16:57:10.409Z"}
{"level":"info","message":"Database connected successfully","service":"hospital-inventory-api","timestamp":"2025-06-14T16:57:10.445Z"}
{"level":"info","message":"Database disconnected","service":"hospital-inventory-api","timestamp":"2025-06-14T16:57:54.139Z"}
{"level":"info","message":"Server running on port 3001","service":"hospital-inventory-api","timestamp":"2025-06-14T16:57:54.422Z"}
{"level":"info","message":"Database connected successfully","service":"hospital-inventory-api","timestamp":"2025-06-14T16:57:54.459Z"}
{"level":"info","message":"Database disconnected","service":"hospital-inventory-api","timestamp":"2025-06-14T16:58:09.927Z"}
{"level":"error","message":"Error generating demand forecast for item cmbwgr5gz0009d1trytamvw5f: Insufficient historical data for forecasting","service":"hospital-inventory-api","timestamp":"2025-06-14T16:58:23.036Z"}
{"body":{"forecastHorizon":30,"itemId":"cmbwgr5gz0009d1trytamvw5f","modelType":"arima"},"error":"Failed to generate demand forecast","level":"error","message":"Error occurred:","method":"POST","service":"hospital-inventory-api","stack":"Error: Failed to generate demand forecast\n    at createError (/workspaces/hospital_inventory_project/backend/src/middleware/errorHandler.ts:92:17)\n    at AIService.generateDemandForecast (/workspaces/hospital_inventory_project/backend/src/services/AIService.ts:111:24)\n    at /workspaces/hospital_inventory_project/backend/src/routes/ai.ts:44:22","timestamp":"2025-06-14T16:58:23.042Z","url":"/api/ai/forecast","user":"cmbwgr4xt0000d1tr9h4xsydf"}
{"level":"error","message":"Error generating inventory optimization: Failed to start AI module: spawn /usr/local/python/current EACCES","service":"hospital-inventory-api","timestamp":"2025-06-14T16:58:23.057Z"}
{"body":{"holdingCostRate":0.25,"itemId":"cmbwgr5gz0009d1trytamvw5f","orderingCost":150,"serviceLevel":0.95},"error":"Failed to generate inventory optimization","level":"error","message":"Error occurred:","method":"POST","service":"hospital-inventory-api","stack":"Error: Failed to generate inventory optimization\n    at createError (/workspaces/hospital_inventory_project/backend/src/middleware/errorHandler.ts:92:17)\n    at AIService.generateInventoryOptimization (/workspaces/hospital_inventory_project/backend/src/services/AIService.ts:177:24)\n    at processTicksAndRejections (node:internal/process/task_queues:95:5)\n    at /workspaces/hospital_inventory_project/backend/src/routes/ai.ts:66:29","timestamp":"2025-06-14T16:58:23.058Z","url":"/api/ai/optimize","user":"cmbwgr4xt0000d1tr9h4xsydf"}
{"level":"info","message":"Database disconnected","service":"hospital-inventory-api","timestamp":"2025-06-14T16:58:53.255Z"}
{"level":"info","message":"Server running on port 3001","service":"hospital-inventory-api","timestamp":"2025-06-14T17:03:49.951Z"}
{"level":"info","message":"Database connected successfully","service":"hospital-inventory-api","timestamp":"2025-06-14T17:03:49.981Z"}
{"level":"info","message":"Database disconnected","service":"hospital-inventory-api","timestamp":"2025-06-14T17:11:28.840Z"}
{"level":"info","message":"Server running on port 3001","service":"hospital-inventory-api","timestamp":"2025-06-14T17:11:29.134Z"}
{"level":"info","message":"Database connected successfully","service":"hospital-inventory-api","timestamp":"2025-06-14T17:11:29.169Z"}
{"level":"info","message":"Database disconnected","service":"hospital-inventory-api","timestamp":"2025-06-14T17:11:29.268Z"}
{"level":"info","message":"Server running on port 3001","service":"hospital-inventory-api","timestamp":"2025-06-14T17:11:29.571Z"}
{"level":"info","message":"Database connected successfully","service":"hospital-inventory-api","timestamp":"2025-06-14T17:11:29.610Z"}
{"level":"info","message":"Database disconnected","service":"hospital-inventory-api","timestamp":"2025-06-14T17:11:50.581Z"}
{"level":"info","message":"Attempting to use \"python3\" from PATH for AI module.","service":"hospital-inventory-api","timestamp":"2025-06-14T17:11:50.869Z"}
{"level":"info","message":"Initializing Python path for AI Service...","service":"hospital-inventory-api","timestamp":"2025-06-14T17:11:50.873Z"}
{"level":"warn","message":"PYTHON_PATH is set to problematic path /usr/local/python/current. Attempting to use 'python3' from PATH instead.","service":"hospital-inventory-api","timestamp":"2025-06-14T17:11:50.873Z"}
{"level":"info","message":"Final Python path for AI module: python3","service":"hospital-inventory-api","timestamp":"2025-06-14T17:11:50.874Z"}
{"level":"info","message":"Server running on port 3001","service":"hospital-inventory-api","timestamp":"2025-06-14T17:11:50.891Z"}
{"level":"info","message":"Database connected successfully","service":"hospital-inventory-api","timestamp":"2025-06-14T17:11:50.927Z"}
{"level":"info","message":"Database disconnected","service":"hospital-inventory-api","timestamp":"2025-06-14T17:12:08.309Z"}
{"level":"info","message":"Attempting to use \"python3\" from PATH for AI module.","service":"hospital-inventory-api","timestamp":"2025-06-14T17:12:08.585Z"}
{"level":"info","message":"Initializing Python path for AI Service...","service":"hospital-inventory-api","timestamp":"2025-06-14T17:12:08.588Z"}
{"level":"warn","message":"PYTHON_PATH is set to problematic path /usr/local/python/current. Attempting to use 'python3' from PATH instead.","service":"hospital-inventory-api","timestamp":"2025-06-14T17:12:08.588Z"}
{"level":"info","message":"Final Python path for AI module: python3","service":"hospital-inventory-api","timestamp":"2025-06-14T17:12:08.588Z"}
{"level":"info","message":"Server running on port 3001","service":"hospital-inventory-api","timestamp":"2025-06-14T17:12:08.601Z"}
{"level":"info","message":"Database connected successfully","service":"hospital-inventory-api","timestamp":"2025-06-14T17:12:08.632Z"}
{"level":"info","message":"Attempting to use \"python3\" from PATH for AI module.","service":"hospital-inventory-api","timestamp":"2025-06-14T17:12:15.286Z"}
{"level":"info","message":"Attempting to use \"python3\" from PATH for AI module.","service":"hospital-inventory-api","timestamp":"2025-06-14T17:13:12.386Z"}
{"level":"info","message":"Attempting to use \"python3\" from PATH for AI module.","service":"hospital-inventory-api","timestamp":"2025-06-14T17:20:12.778Z"}
{"level":"info","message":"Initializing Python path for AI Service...","service":"hospital-inventory-api","timestamp":"2025-06-14T17:20:12.782Z"}
{"level":"warn","message":"PYTHON_PATH is set to problematic path /usr/local/python/current. Attempting to use 'python3' from PATH instead.","service":"hospital-inventory-api","timestamp":"2025-06-14T17:20:12.783Z"}
{"level":"info","message":"Final Python path for AI module: python3","service":"hospital-inventory-api","timestamp":"2025-06-14T17:20:12.783Z"}
{"level":"info","message":"Server running on port 3001","service":"hospital-inventory-api","timestamp":"2025-06-14T17:20:12.798Z"}
{"level":"info","message":"Database connected successfully","service":"hospital-inventory-api","timestamp":"2025-06-14T17:20:12.824Z"}
{"level":"info","message":"Attempting to use \"python3\" from PATH for AI module.","service":"hospital-inventory-api","timestamp":"2025-06-14T17:22:13.243Z"}
{"level":"info","message":"Attempting to use \"python3\" from PATH for AI module.","service":"hospital-inventory-api","timestamp":"2025-06-14T17:44:38.955Z"}
{"level":"info","message":"Initializing Python path for AI Service...","service":"hospital-inventory-api","timestamp":"2025-06-14T17:44:38.958Z"}
{"level":"warn","message":"PYTHON_PATH is set to problematic path /usr/local/python/current. Attempting to use 'python3' from PATH instead.","service":"hospital-inventory-api","timestamp":"2025-06-14T17:44:38.958Z"}
{"level":"info","message":"Final Python path for AI module: python3","service":"hospital-inventory-api","timestamp":"2025-06-14T17:44:38.959Z"}
{"level":"info","message":"Server running on port 3001","service":"hospital-inventory-api","timestamp":"2025-06-14T17:44:38.972Z"}
{"clientVersion":"5.22.0","errorCode":"P1001","level":"error","message":"Database connection failed: Can't reach database server at `localhost:5432`\n\nPlease make sure your database server is running at `localhost:5432`.","name":"PrismaClientInitializationError","service":"hospital-inventory-api","stack":"PrismaClientInitializationError: Can't reach database server at `localhost:5432`\n\nPlease make sure your database server is running at `localhost:5432`.\n    at t (/workspaces/hospital_inventory_project/backend/node_modules/@prisma/client/runtime/library.js:112:2488)","timestamp":"2025-06-14T17:44:39.061Z"}
{"level":"info","message":"Attempting to use \"python3\" from PATH for AI module.","service":"hospital-inventory-api","timestamp":"2025-06-14T17:48:36.589Z"}
{"level":"info","message":"Initializing Python path for AI Service...","service":"hospital-inventory-api","timestamp":"2025-06-14T17:48:36.592Z"}
{"level":"warn","message":"PYTHON_PATH is set to problematic path /usr/local/python/current. Attempting to use 'python3' from PATH instead.","service":"hospital-inventory-api","timestamp":"2025-06-14T17:48:36.592Z"}
{"level":"info","message":"Final Python path for AI module: python3","service":"hospital-inventory-api","timestamp":"2025-06-14T17:48:36.592Z"}
{"level":"info","message":"Server running on port 3001","service":"hospital-inventory-api","timestamp":"2025-06-14T17:48:36.608Z"}
{"level":"info","message":"Database connected successfully","service":"hospital-inventory-api","timestamp":"2025-06-14T17:48:36.658Z"}
{"level":"error","message":"Error generating demand forecast for item cmbwhz7wh0009htu0rl3tvmeg: Insufficient historical data for forecasting","service":"hospital-inventory-api","timestamp":"2025-06-14T17:49:17.578Z"}
{"body":{"forecastHorizon":30,"itemId":"cmbwhz7wh0009htu0rl3tvmeg","modelType":"auto"},"error":"Failed to generate demand forecast","level":"error","message":"Error occurred:","method":"POST","service":"hospital-inventory-api","stack":"Error: Failed to generate demand forecast\n    at createError (/workspaces/hospital_inventory_project/backend/src/middleware/errorHandler.ts:92:17)\n    at AIService.generateDemandForecast (/workspaces/hospital_inventory_project/backend/src/services/AIService.ts:185:24)\n    at /workspaces/hospital_inventory_project/backend/src/routes/ai.ts:44:22","timestamp":"2025-06-14T17:49:17.585Z","url":"/api/ai/forecast","user":"cmbwhz7e00000htu065zj13fz"}
{"level":"error","message":"Error generating inventory optimization: AI module exited with code 1: 2025-06-14 17:49:23.050596: I external/local_xla/xla/tsl/cuda/cudart_stub.cc:32] Could not find cuda drivers on your machine, GPU will not be used.\n2025-06-14 17:49:23.252735: I external/local_xla/xla/tsl/cuda/cudart_stub.cc:32] Could not find cuda drivers on your machine, GPU will not be used.\n2025-06-14 17:49:23.342333: E external/local_xla/xla/stream_executor/cuda/cuda_fft.cc:467] Unable to register cuFFT factory: Attempting to register factory for plugin cuFFT when one has already been registered\nWARNING: All log messages before absl::InitializeLog() is called are written to STDERR\nE0000 00:00:1749923363.472165    8691 cuda_dnn.cc:8579] Unable to register cuDNN factory: Attempting to register factory for plugin cuDNN when one has already been registered\nE0000 00:00:1749923363.507723    8691 cuda_blas.cc:1407] Unable to register cuBLAS factory: Attempting to register factory for plugin cuBLAS when one has already been registered\nW0000 00:00:1749923363.763262    8691 computation_placer.cc:177] computation placer already registered. Please check linkage and avoid linking the same target more than once.\nW0000 00:00:1749923363.763306    8691 computation_placer.cc:177] computation placer already registered. Please check linkage and avoid linking the same target more than once.\nW0000 00:00:1749923363.763312    8691 computation_placer.cc:177] computation placer already registered. Please check linkage and avoid linking the same target more than once.\nW0000 00:00:1749923363.763316    8691 computation_placer.cc:177] computation placer already registered. Please check linkage and avoid linking the same target more than once.\n2025-06-14 17:49:23.784262: I tensorflow/core/platform/cpu_feature_guard.cc:210] This TensorFlow binary is optimized to use available CPU instructions in performance-critical operations.\nTo enable the following instructions: AVX2 FMA, in other operations, rebuild TensorFlow with the appropriate compiler flags.\n","service":"hospital-inventory-api","timestamp":"2025-06-14T17:49:28.070Z"}
{"body":{"holdingCostRate":0.25,"itemId":"cmbwhz7wh0009htu0rl3tvmeg","orderingCost":150,"serviceLevel":0.95},"error":"Failed to generate inventory optimization","level":"error","message":"Error occurred:","method":"POST","service":"hospital-inventory-api","stack":"Error: Failed to generate inventory optimization\n    at createError (/workspaces/hospital_inventory_project/backend/src/middleware/errorHandler.ts:92:17)\n    at AIService.generateInventoryOptimization (/workspaces/hospital_inventory_project/backend/src/services/AIService.ts:251:24)\n    at /workspaces/hospital_inventory_project/backend/src/routes/ai.ts:66:29","timestamp":"2025-06-14T17:49:28.071Z","url":"/api/ai/optimize","user":"cmbwhz7e00000htu065zj13fz"}
{"level":"info","message":"Attempting to use \"python3\" from PATH for AI module.","service":"hospital-inventory-api","timestamp":"2025-06-14T18:00:33.502Z"}
{"level":"info","message":"Initializing Python path for AI Service...","service":"hospital-inventory-api","timestamp":"2025-06-14T18:00:33.504Z"}
{"level":"warn","message":"PYTHON_PATH is set to problematic path /usr/local/python/current. Attempting to use 'python3' from PATH instead.","service":"hospital-inventory-api","timestamp":"2025-06-14T18:00:33.505Z"}
{"level":"info","message":"Final Python path for AI module: python3","service":"hospital-inventory-api","timestamp":"2025-06-14T18:00:33.505Z"}
{"level":"info","message":"Server running on port 3001","service":"hospital-inventory-api","timestamp":"2025-06-14T18:00:33.519Z"}
{"clientVersion":"5.22.0","errorCode":"P1001","level":"error","message":"Database connection failed: Can't reach database server at `localhost:5432`\n\nPlease make sure your database server is running at `localhost:5432`.","name":"PrismaClientInitializationError","service":"hospital-inventory-api","stack":"PrismaClientInitializationError: Can't reach database server at `localhost:5432`\n\nPlease make sure your database server is running at `localhost:5432`.\n    at t (/workspaces/hospital_inventory_project/backend/node_modules/@prisma/client/runtime/library.js:112:2488)","timestamp":"2025-06-14T18:00:33.594Z"}
{"level":"info","message":"Attempting to use \"python3\" from PATH for AI module.","service":"hospital-inventory-api","timestamp":"2025-06-14T18:07:36.077Z"}
{"level":"info","message":"Initializing Python path for AI Service...","service":"hospital-inventory-api","timestamp":"2025-06-14T18:07:36.080Z"}
{"level":"warn","message":"PYTHON_PATH is set to problematic path /usr/local/python/current. Attempting to use 'python3' from PATH instead.","service":"hospital-inventory-api","timestamp":"2025-06-14T18:07:36.081Z"}
{"level":"info","message":"Final Python path for AI module: python3","service":"hospital-inventory-api","timestamp":"2025-06-14T18:07:36.081Z"}
{"level":"info","message":"Server running on port 3001","service":"hospital-inventory-api","timestamp":"2025-06-14T18:07:36.099Z"}
{"level":"info","message":"Database connected successfully","service":"hospital-inventory-api","timestamp":"2025-06-14T18:07:36.160Z"}
{"level":"error","message":"AI health check failed: AI module exited with code 1: 2025-06-14 18:10:09.483900: I external/local_xla/xla/tsl/cuda/cudart_stub.cc:32] Could not find cuda drivers on your machine, GPU will not be used.\n2025-06-14 18:10:09.487085: I external/local_xla/xla/tsl/cuda/cudart_stub.cc:32] Could not find cuda drivers on your machine, GPU will not be used.\n2025-06-14 18:10:09.495940: E external/local_xla/xla/stream_executor/cuda/cuda_fft.cc:467] Unable to register cuFFT factory: Attempting to register factory for plugin cuFFT when one has already been registered\nWARNING: All log messages before absl::InitializeLog() is called are written to STDERR\nE0000 00:00:1749924609.510186   19029 cuda_dnn.cc:8579] Unable to register cuDNN factory: Attempting to register factory for plugin cuDNN when one has already been registered\nE0000 00:00:1749924609.514458   19029 cuda_blas.cc:1407] Unable to register cuBLAS factory: Attempting to register factory for plugin cuBLAS when one has already been registered\nW0000 00:00:1749924609.526498   19029 computation_placer.cc:177] computation placer already registered. Please check linkage and avoid linking the same target more than once.\nW0000 00:00:1749924609.526519   19029 computation_placer.cc:177] computation placer already registered. Please check linkage and avoid linking the same target more than once.\nW0000 00:00:1749924609.526523   19029 computation_placer.cc:177] computation placer already registered. Please check linkage and avoid linking the same target more than once.\nW0000 00:00:1749924609.526526   19029 computation_placer.cc:177] computation placer already registered. Please check linkage and avoid linking the same target more than once.\n2025-06-14 18:10:09.530202: I tensorflow/core/platform/cpu_feature_guard.cc:210] This TensorFlow binary is optimized to use available CPU instructions in performance-critical operations.\nTo enable the following instructions: AVX2 FMA, in other operations, rebuild TensorFlow with the appropriate compiler flags.\n","service":"hospital-inventory-api","stack":"Error: AI module exited with code 1: 2025-06-14 18:10:09.483900: I external/local_xla/xla/tsl/cuda/cudart_stub.cc:32] Could not find cuda drivers on your machine, GPU will not be used.\n2025-06-14 18:10:09.487085: I external/local_xla/xla/tsl/cuda/cudart_stub.cc:32] Could not find cuda drivers on your machine, GPU will not be used.\n2025-06-14 18:10:09.495940: E external/local_xla/xla/stream_executor/cuda/cuda_fft.cc:467] Unable to register cuFFT factory: Attempting to register factory for plugin cuFFT when one has already been registered\nWARNING: All log messages before absl::InitializeLog() is called are written to STDERR\nE0000 00:00:1749924609.510186   19029 cuda_dnn.cc:8579] Unable to register cuDNN factory: Attempting to register factory for plugin cuDNN when one has already been registered\nE0000 00:00:1749924609.514458   19029 cuda_blas.cc:1407] Unable to register cuBLAS factory: Attempting to register factory for plugin cuBLAS when one has already been registered\nW0000 00:00:1749924609.526498   19029 computation_placer.cc:177] computation placer already registered. Please check linkage and avoid linking the same target more than once.\nW0000 00:00:1749924609.526519   19029 computation_placer.cc:177] computation placer already registered. Please check linkage and avoid linking the same target more than once.\nW0000 00:00:1749924609.526523   19029 computation_placer.cc:177] computation placer already registered. Please check linkage and avoid linking the same target more than once.\nW0000 00:00:1749924609.526526   19029 computation_placer.cc:177] computation placer already registered. Please check linkage and avoid linking the same target more than once.\n2025-06-14 18:10:09.530202: I tensorflow/core/platform/cpu_feature_guard.cc:210] This TensorFlow binary is optimized to use available CPU instructions in performance-critical operations.\nTo enable the following instructions: AVX2 FMA, in other operations, rebuild TensorFlow with the appropriate compiler flags.\n\n    at ChildProcess.<anonymous> (/workspaces/hospital_inventory_project/backend/src/services/AIService.ts:629:20)\n    at ChildProcess.emit (node:events:524:28)\n    at maybeClose (node:internal/child_process:1104:16)\n    at Process.ChildProcess._handle.onexit (node:internal/child_process:304:5)","timestamp":"2025-06-14T18:10:12.232Z"}
{"level":"info","message":"Attempting to use \"python3\" from PATH for AI module.","service":"hospital-inventory-api","timestamp":"2025-06-14T18:16:43.785Z"}
{"level":"info","message":"Initializing Python path for AI Service...","service":"hospital-inventory-api","timestamp":"2025-06-14T18:16:43.788Z"}
{"level":"warn","message":"PYTHON_PATH is set to problematic path /usr/local/python/current. Attempting to use 'python3' from PATH instead.","service":"hospital-inventory-api","timestamp":"2025-06-14T18:16:43.789Z"}
{"level":"info","message":"Final Python path for AI module: python3","service":"hospital-inventory-api","timestamp":"2025-06-14T18:16:43.789Z"}
{"level":"info","message":"Server running on port 3001","service":"hospital-inventory-api","timestamp":"2025-06-14T18:16:43.804Z"}
{"level":"info","message":"Database connected successfully","service":"hospital-inventory-api","timestamp":"2025-06-14T18:16:43.893Z"}
{"level":"error","message":"AI health check failed: AI module exited with code 1: 2025-06-14 18:18:41.745734: I external/local_xla/xla/tsl/cuda/cudart_stub.cc:32] Could not find cuda drivers on your machine, GPU will not be used.\n2025-06-14 18:18:41.749270: I external/local_xla/xla/tsl/cuda/cudart_stub.cc:32] Could not find cuda drivers on your machine, GPU will not be used.\n2025-06-14 18:18:41.758245: E external/local_xla/xla/stream_executor/cuda/cuda_fft.cc:467] Unable to register cuFFT factory: Attempting to register factory for plugin cuFFT when one has already been registered\nWARNING: All log messages before absl::InitializeLog() is called are written to STDERR\nE0000 00:00:1749925121.772679    6854 cuda_dnn.cc:8579] Unable to register cuDNN factory: Attempting to register factory for plugin cuDNN when one has already been registered\nE0000 00:00:1749925121.777082    6854 cuda_blas.cc:1407] Unable to register cuBLAS factory: Attempting to register factory for plugin cuBLAS when one has already been registered\nW0000 00:00:1749925121.789581    6854 computation_placer.cc:177] computation placer already registered. Please check linkage and avoid linking the same target more than once.\nW0000 00:00:1749925121.789603    6854 computation_placer.cc:177] computation placer already registered. Please check linkage and avoid linking the same target more than once.\nW0000 00:00:1749925121.789609    6854 computation_placer.cc:177] computation placer already registered. Please check linkage and avoid linking the same target more than once.\nW0000 00:00:1749925121.789614    6854 computation_placer.cc:177] computation placer already registered. Please check linkage and avoid linking the same target more than once.\n2025-06-14 18:18:41.793333: I tensorflow/core/platform/cpu_feature_guard.cc:210] This TensorFlow binary is optimized to use available CPU instructions in performance-critical operations.\nTo enable the following instructions: AVX2 FMA, in other operations, rebuild TensorFlow with the appropriate compiler flags.\n","service":"hospital-inventory-api","stack":"Error: AI module exited with code 1: 2025-06-14 18:18:41.745734: I external/local_xla/xla/tsl/cuda/cudart_stub.cc:32] Could not find cuda drivers on your machine, GPU will not be used.\n2025-06-14 18:18:41.749270: I external/local_xla/xla/tsl/cuda/cudart_stub.cc:32] Could not find cuda drivers on your machine, GPU will not be used.\n2025-06-14 18:18:41.758245: E external/local_xla/xla/stream_executor/cuda/cuda_fft.cc:467] Unable to register cuFFT factory: Attempting to register factory for plugin cuFFT when one has already been registered\nWARNING: All log messages before absl::InitializeLog() is called are written to STDERR\nE0000 00:00:1749925121.772679    6854 cuda_dnn.cc:8579] Unable to register cuDNN factory: Attempting to register factory for plugin cuDNN when one has already been registered\nE0000 00:00:1749925121.777082    6854 cuda_blas.cc:1407] Unable to register cuBLAS factory: Attempting to register factory for plugin cuBLAS when one has already been registered\nW0000 00:00:1749925121.789581    6854 computation_placer.cc:177] computation placer already registered. Please check linkage and avoid linking the same target more than once.\nW0000 00:00:1749925121.789603    6854 computation_placer.cc:177] computation placer already registered. Please check linkage and avoid linking the same target more than once.\nW0000 00:00:1749925121.789609    6854 computation_placer.cc:177] computation placer already registered. Please check linkage and avoid linking the same target more than once.\nW0000 00:00:1749925121.789614    6854 computation_placer.cc:177] computation placer already registered. Please check linkage and avoid linking the same target more than once.\n2025-06-14 18:18:41.793333: I tensorflow/core/platform/cpu_feature_guard.cc:210] This TensorFlow binary is optimized to use available CPU instructions in performance-critical operations.\nTo enable the following instructions: AVX2 FMA, in other operations, rebuild TensorFlow with the appropriate compiler flags.\n\n    at ChildProcess.<anonymous> (/workspaces/hospital_inventory_project/backend/src/services/AIService.ts:629:20)\n    at ChildProcess.emit (node:events:524:28)\n    at maybeClose (node:internal/child_process:1104:16)\n    at Process.ChildProcess._handle.onexit (node:internal/child_process:304:5)","timestamp":"2025-06-14T18:18:44.470Z"}
{"level":"error","message":"Error generating demand forecast for item cmbwhz7wh0009htu0rl3tvmeg: Insufficient historical data for forecasting","service":"hospital-inventory-api","timestamp":"2025-06-14T18:20:43.334Z"}
{"body":{"forecastHorizon":30,"itemId":"cmbwhz7wh0009htu0rl3tvmeg","modelType":"auto"},"error":"Failed to generate demand forecast","level":"error","message":"Error occurred:","method":"POST","service":"hospital-inventory-api","stack":"Error: Failed to generate demand forecast\n    at createError (/workspaces/hospital_inventory_project/backend/src/middleware/errorHandler.ts:92:17)\n    at AIService.generateDemandForecast (/workspaces/hospital_inventory_project/backend/src/services/AIService.ts:185:24)\n    at /workspaces/hospital_inventory_project/backend/src/routes/ai.ts:44:22","timestamp":"2025-06-14T18:20:43.336Z","url":"/api/ai/forecast","user":"cmbwhz7e00000htu065zj13fz"}
{"level":"error","message":"Error generating inventory optimization: AI module exited with code 1: 2025-06-14 18:20:46.801415: I external/local_xla/xla/tsl/cuda/cudart_stub.cc:32] Could not find cuda drivers on your machine, GPU will not be used.\n2025-06-14 18:20:46.804880: I external/local_xla/xla/tsl/cuda/cudart_stub.cc:32] Could not find cuda drivers on your machine, GPU will not be used.\n2025-06-14 18:20:46.813934: E external/local_xla/xla/stream_executor/cuda/cuda_fft.cc:467] Unable to register cuFFT factory: Attempting to register factory for plugin cuFFT when one has already been registered\nWARNING: All log messages before absl::InitializeLog() is called are written to STDERR\nE0000 00:00:1749925246.828329    7976 cuda_dnn.cc:8579] Unable to register cuDNN factory: Attempting to register factory for plugin cuDNN when one has already been registered\nE0000 00:00:1749925246.832729    7976 cuda_blas.cc:1407] Unable to register cuBLAS factory: Attempting to register factory for plugin cuBLAS when one has already been registered\nW0000 00:00:1749925246.845233    7976 computation_placer.cc:177] computation placer already registered. Please check linkage and avoid linking the same target more than once.\nW0000 00:00:1749925246.845251    7976 computation_placer.cc:177] computation placer already registered. Please check linkage and avoid linking the same target more than once.\nW0000 00:00:1749925246.845255    7976 computation_placer.cc:177] computation placer already registered. Please check linkage and avoid linking the same target more than once.\nW0000 00:00:1749925246.845258    7976 computation_placer.cc:177] computation placer already registered. Please check linkage and avoid linking the same target more than once.\n2025-06-14 18:20:46.848984: I tensorflow/core/platform/cpu_feature_guard.cc:210] This TensorFlow binary is optimized to use available CPU instructions in performance-critical operations.\nTo enable the following instructions: AVX2 FMA, in other operations, rebuild TensorFlow with the appropriate compiler flags.\n","service":"hospital-inventory-api","timestamp":"2025-06-14T18:20:49.550Z"}
{"body":{"holdingCostRate":0.25,"itemId":"cmbwhz7wh0009htu0rl3tvmeg","orderingCost":150,"serviceLevel":0.95},"error":"Failed to generate inventory optimization","level":"error","message":"Error occurred:","method":"POST","service":"hospital-inventory-api","stack":"Error: Failed to generate inventory optimization\n    at createError (/workspaces/hospital_inventory_project/backend/src/middleware/errorHandler.ts:92:17)\n    at AIService.generateInventoryOptimization (/workspaces/hospital_inventory_project/backend/src/services/AIService.ts:251:24)\n    at processTicksAndRejections (node:internal/process/task_queues:95:5)\n    at /workspaces/hospital_inventory_project/backend/src/routes/ai.ts:66:29","timestamp":"2025-06-14T18:20:49.551Z","url":"/api/ai/optimize","user":"cmbwhz7e00000htu065zj13fz"}
{"level":"error","message":"Error generating demand forecast for item cmbwhz7wh0009htu0rl3tvmeg: Insufficient historical data for forecasting","service":"hospital-inventory-api","timestamp":"2025-06-14T18:31:18.779Z"}
{"body":{"forecastHorizon":30,"itemId":"cmbwhz7wh0009htu0rl3tvmeg","modelType":"auto"},"error":"Failed to generate demand forecast","level":"error","message":"Error occurred:","method":"POST","service":"hospital-inventory-api","stack":"Error: Failed to generate demand forecast\n    at createError (/workspaces/hospital_inventory_project/backend/src/middleware/errorHandler.ts:92:17)\n    at AIService.generateDemandForecast (/workspaces/hospital_inventory_project/backend/src/services/AIService.ts:185:24)\n    at /workspaces/hospital_inventory_project/backend/src/routes/ai.ts:44:22","timestamp":"2025-06-14T18:31:18.779Z","url":"/api/ai/forecast","user":"cmbwhz7e00000htu065zj13fz"}
{"level":"error","message":"Error generating inventory optimization: AI module exited with code 1: 2025-06-14 18:31:27.165400: I external/local_xla/xla/tsl/cuda/cudart_stub.cc:32] Could not find cuda drivers on your machine, GPU will not be used.\n2025-06-14 18:31:27.168819: I external/local_xla/xla/tsl/cuda/cudart_stub.cc:32] Could not find cuda drivers on your machine, GPU will not be used.\n2025-06-14 18:31:27.177744: E external/local_xla/xla/stream_executor/cuda/cuda_fft.cc:467] Unable to register cuFFT factory: Attempting to register factory for plugin cuFFT when one has already been registered\nWARNING: All log messages before absl::InitializeLog() is called are written to STDERR\nE0000 00:00:1749925887.192187   12835 cuda_dnn.cc:8579] Unable to register cuDNN factory: Attempting to register factory for plugin cuDNN when one has already been registered\nE0000 00:00:1749925887.196432   12835 cuda_blas.cc:1407] Unable to register cuBLAS factory: Attempting to register factory for plugin cuBLAS when one has already been registered\nW0000 00:00:1749925887.208726   12835 computation_placer.cc:177] computation placer already registered. Please check linkage and avoid linking the same target more than once.\nW0000 00:00:1749925887.208748   12835 computation_placer.cc:177] computation placer already registered. Please check linkage and avoid linking the same target more than once.\nW0000 00:00:1749925887.208751   12835 computation_placer.cc:177] computation placer already registered. Please check linkage and avoid linking the same target more than once.\nW0000 00:00:1749925887.208754   12835 computation_placer.cc:177] computation placer already registered. Please check linkage and avoid linking the same target more than once.\n2025-06-14 18:31:27.212415: I tensorflow/core/platform/cpu_feature_guard.cc:210] This TensorFlow binary is optimized to use available CPU instructions in performance-critical operations.\nTo enable the following instructions: AVX2 FMA, in other operations, rebuild TensorFlow with the appropriate compiler flags.\n","service":"hospital-inventory-api","timestamp":"2025-06-14T18:31:29.834Z"}
{"body":{"holdingCostRate":0.25,"itemId":"cmbwhz7wh0009htu0rl3tvmeg","orderingCost":150,"serviceLevel":0.95},"error":"Failed to generate inventory optimization","level":"error","message":"Error occurred:","method":"POST","service":"hospital-inventory-api","stack":"Error: Failed to generate inventory optimization\n    at createError (/workspaces/hospital_inventory_project/backend/src/middleware/errorHandler.ts:92:17)\n    at AIService.generateInventoryOptimization (/workspaces/hospital_inventory_project/backend/src/services/AIService.ts:251:24)\n    at processTicksAndRejections (node:internal/process/task_queues:95:5)\n    at /workspaces/hospital_inventory_project/backend/src/routes/ai.ts:66:29","timestamp":"2025-06-14T18:31:29.834Z","url":"/api/ai/optimize","user":"cmbwhz7e00000htu065zj13fz"}
{"level":"error","message":"Error generating demand forecast for item cmbwhz7wh0009htu0rl3tvmeg: Insufficient historical data for forecasting","service":"hospital-inventory-api","timestamp":"2025-06-14T18:44:53.460Z"}
{"body":{"forecastHorizon":30,"itemId":"cmbwhz7wh0009htu0rl3tvmeg","modelType":"auto"},"error":"Failed to generate demand forecast","level":"error","message":"Error occurred:","method":"POST","service":"hospital-inventory-api","stack":"Error: Failed to generate demand forecast\n    at createError (/workspaces/hospital_inventory_project/backend/src/middleware/errorHandler.ts:92:17)\n    at AIService.generateDemandForecast (/workspaces/hospital_inventory_project/backend/src/services/AIService.ts:185:24)\n    at /workspaces/hospital_inventory_project/backend/src/routes/ai.ts:44:22","timestamp":"2025-06-14T18:44:53.460Z","url":"/api/ai/forecast","user":"cmbwhz7e00000htu065zj13fz"}
{"level":"error","message":"Error generating inventory optimization: AI module exited with code 1: 2025-06-14 18:44:56.775111: I external/local_xla/xla/tsl/cuda/cudart_stub.cc:32] Could not find cuda drivers on your machine, GPU will not be used.\n2025-06-14 18:44:56.778606: I external/local_xla/xla/tsl/cuda/cudart_stub.cc:32] Could not find cuda drivers on your machine, GPU will not be used.\n2025-06-14 18:44:56.787598: E external/local_xla/xla/stream_executor/cuda/cuda_fft.cc:467] Unable to register cuFFT factory: Attempting to register factory for plugin cuFFT when one has already been registered\nWARNING: All log messages before absl::InitializeLog() is called are written to STDERR\nE0000 00:00:1749926696.802053   18892 cuda_dnn.cc:8579] Unable to register cuDNN factory: Attempting to register factory for plugin cuDNN when one has already been registered\nE0000 00:00:1749926696.806379   18892 cuda_blas.cc:1407] Unable to register cuBLAS factory: Attempting to register factory for plugin cuBLAS when one has already been registered\nW0000 00:00:1749926696.818863   18892 computation_placer.cc:177] computation placer already registered. Please check linkage and avoid linking the same target more than once.\nW0000 00:00:1749926696.818883   18892 computation_placer.cc:177] computation placer already registered. Please check linkage and avoid linking the same target more than once.\nW0000 00:00:1749926696.818887   18892 computation_placer.cc:177] computation placer already registered. Please check linkage and avoid linking the same target more than once.\nW0000 00:00:1749926696.818890   18892 computation_placer.cc:177] computation placer already registered. Please check linkage and avoid linking the same target more than once.\n2025-06-14 18:44:56.822521: I tensorflow/core/platform/cpu_feature_guard.cc:210] This TensorFlow binary is optimized to use available CPU instructions in performance-critical operations.\nTo enable the following instructions: AVX2 FMA, in other operations, rebuild TensorFlow with the appropriate compiler flags.\n","service":"hospital-inventory-api","timestamp":"2025-06-14T18:44:59.616Z"}
{"body":{"holdingCostRate":0.25,"itemId":"cmbwhz7wh0009htu0rl3tvmeg","orderingCost":150,"serviceLevel":0.95},"error":"Failed to generate inventory optimization","level":"error","message":"Error occurred:","method":"POST","service":"hospital-inventory-api","stack":"Error: Failed to generate inventory optimization\n    at createError (/workspaces/hospital_inventory_project/backend/src/middleware/errorHandler.ts:92:17)\n    at AIService.generateInventoryOptimization (/workspaces/hospital_inventory_project/backend/src/services/AIService.ts:251:24)\n    at processTicksAndRejections (node:internal/process/task_queues:95:5)\n    at /workspaces/hospital_inventory_project/backend/src/routes/ai.ts:66:29","timestamp":"2025-06-14T18:44:59.616Z","url":"/api/ai/optimize","user":"cmbwhz7e00000htu065zj13fz"}
{"level":"error","message":"Error generating demand forecast for item cmbwhz7wh0009htu0rl3tvmeg: Insufficient historical data for forecasting","service":"hospital-inventory-api","timestamp":"2025-06-14T18:49:47.051Z"}
{"body":{"forecastHorizon":30,"itemId":"cmbwhz7wh0009htu0rl3tvmeg","modelType":"auto"},"error":"Failed to generate demand forecast","level":"error","message":"Error occurred:","method":"POST","service":"hospital-inventory-api","stack":"Error: Failed to generate demand forecast\n    at createError (/workspaces/hospital_inventory_project/backend/src/middleware/errorHandler.ts:92:17)\n    at AIService.generateDemandForecast (/workspaces/hospital_inventory_project/backend/src/services/AIService.ts:185:24)\n    at /workspaces/hospital_inventory_project/backend/src/routes/ai.ts:44:22","timestamp":"2025-06-14T18:49:47.051Z","url":"/api/ai/forecast","user":"cmbwhz7e00000htu065zj13fz"}
{"level":"error","message":"Error generating inventory optimization: AI module exited with code 1: 2025-06-14 18:49:50.089899: I external/local_xla/xla/tsl/cuda/cudart_stub.cc:32] Could not find cuda drivers on your machine, GPU will not be used.\n2025-06-14 18:49:50.093298: I external/local_xla/xla/tsl/cuda/cudart_stub.cc:32] Could not find cuda drivers on your machine, GPU will not be used.\n2025-06-14 18:49:50.102268: E external/local_xla/xla/stream_executor/cuda/cuda_fft.cc:467] Unable to register cuFFT factory: Attempting to register factory for plugin cuFFT when one has already been registered\nWARNING: All log messages before absl::InitializeLog() is called are written to STDERR\nE0000 00:00:1749926990.116655   21381 cuda_dnn.cc:8579] Unable to register cuDNN factory: Attempting to register factory for plugin cuDNN when one has already been registered\nE0000 00:00:1749926990.121052   21381 cuda_blas.cc:1407] Unable to register cuBLAS factory: Attempting to register factory for plugin cuBLAS when one has already been registered\nW0000 00:00:1749926990.133526   21381 computation_placer.cc:177] computation placer already registered. Please check linkage and avoid linking the same target more than once.\nW0000 00:00:1749926990.133547   21381 computation_placer.cc:177] computation placer already registered. Please check linkage and avoid linking the same target more than once.\nW0000 00:00:1749926990.133551   21381 computation_placer.cc:177] computation placer already registered. Please check linkage and avoid linking the same target more than once.\nW0000 00:00:1749926990.133554   21381 computation_placer.cc:177] computation placer already registered. Please check linkage and avoid linking the same target more than once.\n2025-06-14 18:49:50.137294: I tensorflow/core/platform/cpu_feature_guard.cc:210] This TensorFlow binary is optimized to use available CPU instructions in performance-critical operations.\nTo enable the following instructions: AVX2 FMA, in other operations, rebuild TensorFlow with the appropriate compiler flags.\n","service":"hospital-inventory-api","timestamp":"2025-06-14T18:49:54.747Z"}
{"body":{"holdingCostRate":0.25,"itemId":"cmbwhz7wh0009htu0rl3tvmeg","orderingCost":150,"serviceLevel":0.95},"error":"Failed to generate inventory optimization","level":"error","message":"Error occurred:","method":"POST","service":"hospital-inventory-api","stack":"Error: Failed to generate inventory optimization\n    at createError (/workspaces/hospital_inventory_project/backend/src/middleware/errorHandler.ts:92:17)\n    at AIService.generateInventoryOptimization (/workspaces/hospital_inventory_project/backend/src/services/AIService.ts:251:24)\n    at processTicksAndRejections (node:internal/process/task_queues:95:5)\n    at /workspaces/hospital_inventory_project/backend/src/routes/ai.ts:66:29","timestamp":"2025-06-14T18:49:54.749Z","url":"/api/ai/optimize","user":"cmbwhz7e00000htu065zj13fz"}
