[2025-06-14 18:09:47] === SYSTEM HEALTH CHECK ===
[2025-06-14 18:09:47] ✅ Database: HEALTHY
[2025-06-14 18:09:47] ✅ Backend API: HEALTHY
[2025-06-14 18:09:47] ✅ Frontend: HEALTHY
[2025-06-14 18:09:47] ⚠️  AI Module: LIMITED (fallback mode)
[2025-06-14 18:09:47] 📊 System Resources:
[2025-06-14 18:09:47]    CPU: 5.0%
[2025-06-14 18:09:47]    Memory: 47.1%
[2025-06-14 18:09:47]    Disk: 58%
[2025-06-14 18:09:47] 🔧 Process Count:
[2025-06-14 18:09:47]    Backend processes: 6
[2025-06-14 18:09:47]    Frontend processes: 3
[2025-06-14 18:09:47] === END HEALTH CHECK ===

[2025-06-14 18:18:14] === SYSTEM HEALTH CHECK ===
[2025-06-14 18:18:14] ✅ Database: HEALTHY
[2025-06-14 18:18:14] ✅ Backend API: HEALTHY
[2025-06-14 18:18:14] ✅ Frontend: HEALTHY
[2025-06-14 18:18:14] ⚠️  AI Module: LIMITED (fallback mode)
[2025-06-14 18:18:14] 📊 System Resources:
[2025-06-14 18:18:14]    CPU: 1.6%
[2025-06-14 18:18:14]    Memory: 27.6%
[2025-06-14 18:18:14]    Disk: 58%
[2025-06-14 18:18:14] 🔧 Process Count:
[2025-06-14 18:18:14]    Backend processes: 4
[2025-06-14 18:18:14]    Frontend processes: 3
[2025-06-14 18:18:14] === END HEALTH CHECK ===

